[INFO] Scanning for projects...
[INFO]                                                                         
[INFO] ------------------------------------------------------------------------
[INFO] Building Apache Commons FileUpload 1.3.2
[INFO] ------------------------------------------------------------------------
[INFO] 
[INFO] --- maven-enforcer-plugin:1.4.1:enforce (enforce-maven-3) @ commons-fileupload ---
[INFO] 
[INFO] --- build-helper-maven-plugin:1.10:parse-version (parse-version) @ commons-fileupload ---
[INFO] 
[INFO] --- maven-antrun-plugin:1.8:run (javadoc.resources) @ commons-fileupload ---
[INFO] Executing tasks

main:
[INFO] Executed tasks
[INFO] 
[INFO] --- maven-remote-resources-plugin:1.5:process (default) @ commons-fileupload ---
[INFO] 
[INFO] --- buildnumber-maven-plugin:1.4:create (default) @ commons-fileupload ---
[INFO] Executing: /bin/sh -c cd '/home/artefact/tests/Maven Test Sources/commons-fileupload-1.3.2-test-sources' && 'svn' '--non-interactive' 'info'
[INFO] Working directory: /home/artefact/tests/Maven Test Sources/commons-fileupload-1.3.2-test-sources
[WARNING] Cannot get the revision information from the scm repository, proceeding with revision of ?????? : 
Exception while executing SCM command.
[INFO] Storing buildNumber: ?????? at timestamp: 1505991279044
[INFO] Executing: /bin/sh -c cd '/home/artefact/tests/Maven Test Sources/commons-fileupload-1.3.2-test-sources' && 'svn' '--non-interactive' 'info'
[INFO] Working directory: /home/artefact/tests/Maven Test Sources/commons-fileupload-1.3.2-test-sources
[WARNING] Cannot get the branch information from the scm repository, proceeding with UNKNOWN_BRANCH : 
Exception while executing SCM command.
[INFO] Storing buildScmBranch: UNKNOWN_BRANCH
[INFO] 
[INFO] --- maven-resources-plugin:2.7:resources (default-resources) @ commons-fileupload ---
[INFO] Using 'iso-8859-1' encoding to copy filtered resources.
[INFO] skip non existing resourceDirectory /home/artefact/tests/Maven Test Sources/commons-fileupload-1.3.2-test-sources/src/main/resources
[INFO] Copying 0 resource to META-INF
[INFO] 
[INFO] --- maven-compiler-plugin:3.5.1:compile (default-compile) @ commons-fileupload ---
[INFO] Changes detected - recompiling the module!
[INFO] Compiling 39 source files to /home/artefact/tests/Maven Test Sources/commons-fileupload-1.3.2-test-sources/target/classes
[INFO] /home/artefact/tests/Maven Test Sources/commons-fileupload-1.3.2-test-sources/src/main/java/org/apache/commons/fileupload/servlet/ServletFileUpload.java: /home/artefact/tests/Maven Test Sources/commons-fileupload-1.3.2-test-sources/src/main/java/org/apache/commons/fileupload/servlet/ServletFileUpload.java uses or overrides a deprecated API.
[INFO] /home/artefact/tests/Maven Test Sources/commons-fileupload-1.3.2-test-sources/src/main/java/org/apache/commons/fileupload/servlet/ServletFileUpload.java: Recompile with -Xlint:deprecation for details.
[INFO] 
[INFO] --- maven-bundle-plugin:3.0.1:manifest (bundle-manifest) @ commons-fileupload ---
[INFO] 
[INFO] --- animal-sniffer-maven-plugin:1.15:check (checkAPIcompatibility) @ commons-fileupload ---
[INFO] Checking unresolved references to org.codehaus.mojo.signature:java15:1.0
[INFO] 
[INFO] --- maven-resources-plugin:2.7:testResources (default-testResources) @ commons-fileupload ---
[INFO] Using 'iso-8859-1' encoding to copy filtered resources.
[INFO] skip non existing resourceDirectory /home/artefact/tests/Maven Test Sources/commons-fileupload-1.3.2-test-sources/src/test/resources
[INFO] Copying 0 resource to META-INF
[INFO] 
[INFO] --- maven-compiler-plugin:3.5.1:testCompile (default-testCompile) @ commons-fileupload ---
[INFO] Changes detected - recompiling the module!
[INFO] Compiling 15 source files to /home/artefact/tests/Maven Test Sources/commons-fileupload-1.3.2-test-sources/target/test-classes
[INFO] 
[INFO] --- maven-surefire-plugin:2.19.1:test (default-test) @ commons-fileupload ---
Downloading: https://repo.maven.apache.org/maven2/org/apache/maven/surefire/surefire-junit4/2.19.1/surefire-junit4-2.19.1.pom
3/4 KB   4/4 KB            Downloaded: https://repo.maven.apache.org/maven2/org/apache/maven/surefire/surefire-junit4/2.19.1/surefire-junit4-2.19.1.pom (4 KB at 2.7 KB/sec)
Downloading: https://repo.maven.apache.org/maven2/org/apache/maven/surefire/surefire-providers/2.19.1/surefire-providers-2.19.1.pom
3/3 KB            Downloaded: https://repo.maven.apache.org/maven2/org/apache/maven/surefire/surefire-providers/2.19.1/surefire-providers-2.19.1.pom (3 KB at 8.3 KB/sec)
Downloading: https://repo.maven.apache.org/maven2/org/apache/maven/surefire/surefire-junit4/2.19.1/surefire-junit4-2.19.1.jar
3/74 KB   6/74 KB   9/74 KB   11/74 KB   14/74 KB   16/74 KB   19/74 KB   22/74 KB   25/74 KB   27/74 KB   30/74 KB   32/74 KB   36/74 KB   40/74 KB   44/74 KB   48/74 KB   52/74 KB   56/74 KB   60/74 KB   64/74 KB   68/74 KB   72/74 KB   74/74 KB              Downloaded: https://repo.maven.apache.org/maven2/org/apache/maven/surefire/surefire-junit4/2.19.1/surefire-junit4-2.19.1.jar (74 KB at 109.1 KB/sec)

-------------------------------------------------------
 T E S T S
-------------------------------------------------------
Running org.apache.commons.fileupload.StreamingTest
Tests run: 5, Failures: 0, Errors: 0, Skipped: 0, Time elapsed: 0.786 sec - in org.apache.commons.fileupload.StreamingTest
Running org.apache.commons.fileupload.SizesTest
Tests run: 5, Failures: 0, Errors: 0, Skipped: 0, Time elapsed: 0.273 sec - in org.apache.commons.fileupload.SizesTest
Running org.apache.commons.fileupload.FileItemHeadersTest
Tests run: 1, Failures: 0, Errors: 0, Skipped: 0, Time elapsed: 0.007 sec - in org.apache.commons.fileupload.FileItemHeadersTest
Running org.apache.commons.fileupload.ProgressListenerTest
Tests run: 1, Failures: 0, Errors: 0, Skipped: 0, Time elapsed: 0.377 sec - in org.apache.commons.fileupload.ProgressListenerTest
Running org.apache.commons.fileupload.DefaultFileItemTest
Tests run: 5, Failures: 0, Errors: 0, Skipped: 0, Time elapsed: 0.006 sec - in org.apache.commons.fileupload.DefaultFileItemTest
Running org.apache.commons.fileupload.ParameterParserTest
Tests run: 5, Failures: 0, Errors: 0, Skipped: 0, Time elapsed: 0.01 sec - in org.apache.commons.fileupload.ParameterParserTest
Running org.apache.commons.fileupload.DiskFileItemSerializeTest
Tests run: 6, Failures: 0, Errors: 0, Skipped: 0, Time elapsed: 0.083 sec - in org.apache.commons.fileupload.DiskFileItemSerializeTest
Running org.apache.commons.fileupload.MultipartStreamTest
Tests run: 3, Failures: 0, Errors: 0, Skipped: 0, Time elapsed: 0.002 sec - in org.apache.commons.fileupload.MultipartStreamTest
Running org.apache.commons.fileupload.ServletFileUploadTest
Tests run: 10, Failures: 0, Errors: 0, Skipped: 0, Time elapsed: 0.007 sec - in org.apache.commons.fileupload.ServletFileUploadTest
Running org.apache.commons.fileupload.util.mime.MimeUtilityTestCase
Tests run: 6, Failures: 0, Errors: 0, Skipped: 0, Time elapsed: 0.004 sec - in org.apache.commons.fileupload.util.mime.MimeUtilityTestCase
Running org.apache.commons.fileupload.util.mime.QuotedPrintableDecoderTestCase
Tests run: 11, Failures: 0, Errors: 0, Skipped: 0, Time elapsed: 0.007 sec - in org.apache.commons.fileupload.util.mime.QuotedPrintableDecoderTestCase
Running org.apache.commons.fileupload.util.mime.Base64DecoderTestCase
Tests run: 13, Failures: 0, Errors: 0, Skipped: 0, Time elapsed: 0.003 sec - in org.apache.commons.fileupload.util.mime.Base64DecoderTestCase

Results :

Tests run: 71, Failures: 0, Errors: 0, Skipped: 0

[INFO] ------------------------------------------------------------------------
[INFO] BUILD SUCCESS
[INFO] ------------------------------------------------------------------------
[INFO] Total time: 10.068 s
[INFO] Finished at: 2017-09-21T12:54:47+02:00
[INFO] Final Memory: 32M/329M
[INFO] ------------------------------------------------------------------------
