[INFO] Scanning for projects...
[INFO]                                                                         
[INFO] ------------------------------------------------------------------------
[INFO] Building Apache Log4j Core 2.2
[INFO] ------------------------------------------------------------------------
Downloading: https://repo.maven.apache.org/maven2/org/apache/logging/log4j/log4j-api/2.2/log4j-api-2.2.pom
3/8 KB   6/8 KB   8/8 KB            Downloaded: https://repo.maven.apache.org/maven2/org/apache/logging/log4j/log4j-api/2.2/log4j-api-2.2.pom (8 KB at 5.1 KB/sec)
Downloading: https://repo.maven.apache.org/maven2/org/apache/logging/log4j/log4j/2.2/log4j-2.2.pom
3/48 KB   5/48 KB   8/48 KB   11/48 KB   13/48 KB   16/48 KB   19/48 KB   21/48 KB   24/48 KB   27/48 KB   29/48 KB   32/48 KB   36/48 KB   40/48 KB   44/48 KB   48/48 KB              Downloaded: https://repo.maven.apache.org/maven2/org/apache/logging/log4j/log4j/2.2/log4j-2.2.pom (48 KB at 95.8 KB/sec)
Downloading: https://repo.maven.apache.org/maven2/com/fasterxml/jackson/core/jackson-core/2.5.1/jackson-core-2.5.1.pom
4/5 KB     5/5 KB            Downloaded: https://repo.maven.apache.org/maven2/com/fasterxml/jackson/core/jackson-core/2.5.1/jackson-core-2.5.1.pom (5 KB at 15.0 KB/sec)
Downloading: https://repo.maven.apache.org/maven2/com/fasterxml/jackson/jackson-parent/2.5/jackson-parent-2.5.pom
3/8 KB   5/8 KB   8/8 KB   8/8 KB            Downloaded: https://repo.maven.apache.org/maven2/com/fasterxml/jackson/jackson-parent/2.5/jackson-parent-2.5.pom (8 KB at 25.6 KB/sec)
Downloading: https://repo.maven.apache.org/maven2/com/fasterxml/oss-parent/18/oss-parent-18.pom
3/19 KB   6/19 KB   9/19 KB   11/19 KB   14/19 KB   16/19 KB   19/19 KB              Downloaded: https://repo.maven.apache.org/maven2/com/fasterxml/oss-parent/18/oss-parent-18.pom (19 KB at 58.3 KB/sec)
Downloading: https://repo.maven.apache.org/maven2/com/fasterxml/jackson/core/jackson-databind/2.5.1/jackson-databind-2.5.1.pom
3/6 KB     5/6 KB   6/6 KB            Downloaded: https://repo.maven.apache.org/maven2/com/fasterxml/jackson/core/jackson-databind/2.5.1/jackson-databind-2.5.1.pom (6 KB at 19.5 KB/sec)
Downloading: https://repo.maven.apache.org/maven2/com/fasterxml/jackson/core/jackson-annotations/2.5.0/jackson-annotations-2.5.0.pom
2/2 KB            Downloaded: https://repo.maven.apache.org/maven2/com/fasterxml/jackson/core/jackson-annotations/2.5.0/jackson-annotations-2.5.0.pom (2 KB at 4.1 KB/sec)
Downloading: https://repo.maven.apache.org/maven2/com/fasterxml/jackson/dataformat/jackson-dataformat-yaml/2.5.1/jackson-dataformat-yaml-2.5.1.pom
3/8 KB   5/8 KB   8/8 KB            Downloaded: https://repo.maven.apache.org/maven2/com/fasterxml/jackson/dataformat/jackson-dataformat-yaml/2.5.1/jackson-dataformat-yaml-2.5.1.pom (8 KB at 24.0 KB/sec)
Downloading: https://repo.maven.apache.org/maven2/com/fasterxml/jackson/dataformat/jackson-dataformat-xml/2.5.1/jackson-dataformat-xml-2.5.1.pom
3/7 KB   5/7 KB   7/7 KB            Downloaded: https://repo.maven.apache.org/maven2/com/fasterxml/jackson/dataformat/jackson-dataformat-xml/2.5.1/jackson-dataformat-xml-2.5.1.pom (7 KB at 20.4 KB/sec)
Downloading: https://repo.maven.apache.org/maven2/com/fasterxml/jackson/module/jackson-module-jaxb-annotations/2.5.1/jackson-module-jaxb-annotations-2.5.1.pom
3/5 KB   5/5 KB            Downloaded: https://repo.maven.apache.org/maven2/com/fasterxml/jackson/module/jackson-module-jaxb-annotations/2.5.1/jackson-module-jaxb-annotations-2.5.1.pom (5 KB at 14.3 KB/sec)
Downloading: https://repo.maven.apache.org/maven2/org/apache/felix/org.apache.felix.framework/4.6.0/org.apache.felix.framework-4.6.0.pom
3/6 KB   5/6 KB   6/6 KB            Downloaded: https://repo.maven.apache.org/maven2/org/apache/felix/org.apache.felix.framework/4.6.0/org.apache.felix.framework-4.6.0.pom (6 KB at 16.1 KB/sec)
Downloading: https://repo.maven.apache.org/maven2/com/fasterxml/jackson/core/jackson-core/2.5.1/jackson-core-2.5.1.jar
Downloading: https://repo.maven.apache.org/maven2/com/fasterxml/jackson/core/jackson-databind/2.5.1/jackson-databind-2.5.1.jar
Downloading: https://repo.maven.apache.org/maven2/org/apache/logging/log4j/log4j-api/2.2/log4j-api-2.2.jar
Downloading: https://repo.maven.apache.org/maven2/com/fasterxml/jackson/core/jackson-annotations/2.5.0/jackson-annotations-2.5.0.jar
Downloading: https://repo.maven.apache.org/maven2/com/fasterxml/jackson/dataformat/jackson-dataformat-yaml/2.5.1/jackson-dataformat-yaml-2.5.1.jar
3/225 KB   5/225 KB   8/225 KB   11/225 KB   13/225 KB   16/225 KB   19/225 KB   21/225 KB   24/225 KB   27/225 KB   29/225 KB   32/225 KB   36/225 KB   40/225 KB   44/225 KB   48/225 KB   52/225 KB   56/225 KB   60/225 KB   64/225 KB   68/225 KB   72/225 KB   76/225 KB   80/225 KB   84/225 KB   88/225 KB   92/225 KB   96/225 KB   100/225 KB   104/225 KB   108/225 KB   112/225 KB   116/225 KB   120/225 KB   124/225 KB   128/225 KB   132/225 KB   136/225 KB   140/225 KB   144/225 KB   148/225 KB   152/225 KB   156/225 KB   160/225 KB   164/225 KB   168/225 KB   172/225 KB   176/225 KB   180/225 KB   184/225 KB   188/225 KB   192/225 KB   196/225 KB   200/225 KB   204/225 KB   208/225 KB   3/39 KB   208/225 KB   3/39 KB   208/225 KB   3/131 KB   5/39 KB   208/225 KB   3/131 KB   5/39 KB   208/225 KB   5/131 KB   8/39 KB   208/225 KB   5/131 KB   8/39 KB   208/225 KB   8/131 KB   11/39 KB   208/225 KB   8/131 KB   11/39 KB   208/225 KB   11/131 KB   13/39 KB   208/225 KB   11/131 KB   13/39 KB   208/225 KB   13/131 KB   13/39 KB   3/1113 KB   208/225 KB   13/131 KB   13/39 KB   5/1113 KB   208/225 KB   13/131 KB   13/39 KB   8/1113 KB   208/225 KB   13/131 KB   13/39 KB   11/1113 KB   208/225 KB   13/131 KB   13/39 KB   13/1113 KB   208/225 KB   13/131 KB   13/39 KB   3/315 KB   13/1113 KB   208/225 KB   13/131 KB   13/39 KB   5/315 KB   13/1113 KB   208/225 KB   13/131 KB   13/39 KB   8/315 KB   13/1113 KB   208/225 KB   13/131 KB   13/39 KB   11/315 KB   13/1113 KB   208/225 KB   13/131 KB   13/39 KB   13/315 KB   13/1113 KB   208/225 KB   13/131 KB   16/39 KB   13/315 KB   13/1113 KB   208/225 KB   16/131 KB   16/39 KB   13/315 KB   13/1113 KB   208/225 KB   16/131 KB   16/39 KB   13/315 KB   13/1113 KB   212/225 KB   16/131 KB   16/39 KB   13/315 KB   13/1113 KB   216/225 KB   16/131 KB   16/39 KB   13/315 KB   13/1113 KB   220/225 KB   16/131 KB   16/39 KB   13/315 KB   13/1113 KB   224/225 KB   16/131 KB   16/39 KB   13/315 KB   13/1113 KB   225/225 KB   16/131 KB   19/39 KB   13/315 KB   13/1113 KB   225/225 KB   16/131 KB   19/39 KB   13/315 KB   13/1113 KB   225/225 KB   19/131 KB   19/39 KB   13/315 KB   16/1113 KB   225/225 KB   19/131 KB   19/39 KB   13/315 KB   16/1113 KB   225/225 KB   21/131 KB   21/39 KB   13/315 KB   16/1113 KB   225/225 KB   21/131 KB   21/39 KB   13/315 KB   19/1113 KB   225/225 KB   21/131 KB   21/39 KB   13/315 KB   19/1113 KB   225/225 KB   24/131 KB   24/39 KB   13/315 KB   19/1113 KB   225/225 KB   24/131 KB   24/39 KB   13/315 KB   21/1113 KB   225/225 KB   24/131 KB   24/39 KB   13/315 KB   21/1113 KB   225/225 KB   27/131 KB   27/39 KB   13/315 KB   21/1113 KB   225/225 KB   27/131 KB   27/39 KB   13/315 KB   24/1113 KB   225/225 KB   27/131 KB   29/39 KB   13/315 KB   24/1113 KB   225/225 KB   27/131 KB   29/39 KB   13/315 KB   24/1113 KB   225/225 KB   29/131 KB   29/39 KB   16/315 KB   24/1113 KB   225/225 KB   29/131 KB   29/39 KB   16/315 KB   27/1113 KB   225/225 KB   29/131 KB   29/39 KB   19/315 KB   27/1113 KB   225/225 KB   29/131 KB   29/39 KB   19/315 KB   27/1113 KB   225/225 KB   32/131 KB   32/39 KB   19/315 KB   27/1113 KB   225/225 KB   32/131 KB   32/39 KB   19/315 KB   29/1113 KB   225/225 KB   32/131 KB   35/39 KB   19/315 KB   29/1113 KB   225/225 KB   32/131 KB   35/39 KB   21/315 KB   29/1113 KB   225/225 KB   32/131 KB   35/39 KB   21/315 KB   32/1113 KB   225/225 KB   32/131 KB   35/39 KB   24/315 KB   32/1113 KB   225/225 KB   32/131 KB   37/39 KB   24/315 KB   32/1113 KB   225/225 KB   32/131 KB   39/39 KB   24/315 KB   32/1113 KB   225/225 KB   32/131 KB   39/39 KB   27/315 KB   32/1113 KB   225/225 KB   32/131 KB   39/39 KB   29/315 KB   32/1113 KB   225/225 KB   32/131 KB   39/39 KB   32/315 KB   32/1113 KB   225/225 KB   32/131 KB   39/39 KB   32/315 KB   32/1113 KB   225/225 KB   36/131 KB   39/39 KB   32/315 KB   32/1113 KB   225/225 KB   40/131 KB   39/39 KB   32/315 KB   32/1113 KB   225/225 KB   44/131 KB   39/39 KB   32/315 KB   32/1113 KB   225/225 KB   48/131 KB                                                                Downloaded: https://repo.maven.apache.org/maven2/com/fasterxml/jackson/core/jackson-core/2.5.1/jackson-core-2.5.1.jar (225 KB at 237.3 KB/sec)
Downloading: https://repo.maven.apache.org/maven2/com/fasterxml/jackson/dataformat/jackson-dataformat-xml/2.5.1/jackson-dataformat-xml-2.5.1.jar
39/39 KB   32/315 KB   36/1113 KB   48/131 KB                39/39 KB   32/315 KB   40/1113 KB   48/131 KB   39/39 KB   32/315 KB   44/1113 KB   48/131 KB   39/39 KB   32/315 KB   48/1113 KB   48/131 KB   39/39 KB   32/315 KB   48/1113 KB   52/131 KB   39/39 KB   32/315 KB   48/1113 KB   56/131 KB   39/39 KB   32/315 KB   48/1113 KB   60/131 KB   39/39 KB   32/315 KB   48/1113 KB   64/131 KB   39/39 KB   36/315 KB   48/1113 KB   64/131 KB   39/39 KB   40/315 KB   48/1113 KB   64/131 KB   39/39 KB   44/315 KB   48/1113 KB   64/131 KB   39/39 KB   48/315 KB   48/1113 KB   64/131 KB   39/39 KB   48/315 KB   52/1113 KB   64/131 KB   39/39 KB   48/315 KB   56/1113 KB   64/131 KB   39/39 KB   48/315 KB   60/1113 KB   64/131 KB   39/39 KB   48/315 KB   64/1113 KB   64/131 KB                                                   Downloaded: https://repo.maven.apache.org/maven2/com/fasterxml/jackson/core/jackson-annotations/2.5.0/jackson-annotations-2.5.0.jar (39 KB at 38.8 KB/sec)
Downloading: https://repo.maven.apache.org/maven2/com/fasterxml/jackson/module/jackson-module-jaxb-annotations/2.5.1/jackson-module-jaxb-annotations-2.5.1.jar
48/315 KB   64/1113 KB   68/131 KB              48/315 KB   64/1113 KB   72/131 KB   48/315 KB   64/1113 KB   76/131 KB   48/315 KB   64/1113 KB   80/131 KB   48/315 KB   68/1113 KB   80/131 KB   48/315 KB   72/1113 KB   80/131 KB   48/315 KB   76/1113 KB   80/131 KB   48/315 KB   80/1113 KB   80/131 KB   52/315 KB   80/1113 KB   80/131 KB   56/315 KB   80/1113 KB   80/131 KB   60/315 KB   80/1113 KB   80/131 KB   64/315 KB   80/1113 KB   80/131 KB   64/315 KB   80/1113 KB   84/131 KB   64/315 KB   80/1113 KB   88/131 KB   64/315 KB   80/1113 KB   92/131 KB   64/315 KB   80/1113 KB   96/131 KB   64/315 KB   84/1113 KB   96/131 KB   64/315 KB   88/1113 KB   96/131 KB   64/315 KB   92/1113 KB   96/131 KB   64/315 KB   96/1113 KB   96/131 KB   68/315 KB   96/1113 KB   96/131 KB   72/315 KB   96/1113 KB   96/131 KB   76/315 KB   96/1113 KB   96/131 KB   80/315 KB   96/1113 KB   96/131 KB   84/315 KB   96/1113 KB   96/131 KB   88/315 KB   96/1113 KB   96/131 KB   92/315 KB   96/1113 KB   96/131 KB   96/315 KB   96/1113 KB   96/131 KB   96/315 KB   96/1113 KB   100/131 KB   96/315 KB   96/1113 KB   104/131 KB   96/315 KB   96/1113 KB   108/131 KB   96/315 KB   96/1113 KB   112/131 KB   96/315 KB   100/1113 KB   112/131 KB   96/315 KB   104/1113 KB   112/131 KB   96/315 KB   108/1113 KB   112/131 KB   96/315 KB   112/1113 KB   112/131 KB   96/315 KB   4/91 KB   112/1113 KB   112/131 KB   96/315 KB   8/91 KB   112/1113 KB   112/131 KB   96/315 KB   12/91 KB   112/1113 KB   112/131 KB   96/315 KB   16/91 KB   112/1113 KB   112/131 KB   96/315 KB   16/91 KB   112/1113 KB   116/131 KB   96/315 KB   16/91 KB   112/1113 KB   120/131 KB   96/315 KB   16/91 KB   112/1113 KB   124/131 KB   96/315 KB   16/91 KB   112/1113 KB   128/131 KB   96/315 KB   16/91 KB   112/1113 KB   131/131 KB   100/315 KB   16/91 KB   112/1113 KB   131/131 KB   104/315 KB   16/91 KB   112/1113 KB   131/131 KB   108/315 KB   16/91 KB   112/1113 KB   131/131 KB   112/315 KB   16/91 KB   116/1113 KB   131/131 KB   108/315 KB   16/91 KB   116/1113 KB   131/131 KB   112/315 KB   16/91 KB   120/1113 KB   131/131 KB   112/315 KB   16/91 KB   124/1113 KB   131/131 KB   112/315 KB   16/91 KB   128/1113 KB   131/131 KB   112/315 KB   20/91 KB   128/1113 KB   131/131 KB   112/315 KB   24/91 KB   128/1113 KB   131/131 KB   112/315 KB   28/91 KB   128/1113 KB   131/131 KB   112/315 KB   32/91 KB   128/1113 KB   131/131 KB   112/315 KB   32/91 KB   132/1113 KB   131/131 KB   112/315 KB   32/91 KB   136/1113 KB   131/131 KB   112/315 KB   32/91 KB   140/1113 KB   131/131 KB   112/315 KB   32/91 KB   144/1113 KB   131/131 KB   112/315 KB   32/91 KB   144/1113 KB   3/32 KB   131/131 KB   112/315 KB   32/91 KB   144/1113 KB   5/32 KB   131/131 KB   112/315 KB   32/91 KB   144/1113 KB   8/32 KB   131/131 KB   116/315 KB   32/91 KB   144/1113 KB   8/32 KB   131/131 KB   116/315 KB   32/91 KB   144/1113 KB   11/32 KB   131/131 KB   120/315 KB   32/91 KB   144/1113 KB   11/32 KB   131/131 KB   124/315 KB   32/91 KB   144/1113 KB   11/32 KB   131/131 KB   128/315 KB   32/91 KB   144/1113 KB   11/32 KB   131/131 KB   128/315 KB   36/91 KB   144/1113 KB   11/32 KB   131/131 KB   128/315 KB   40/91 KB   144/1113 KB   11/32 KB   131/131 KB   128/315 KB   44/91 KB   144/1113 KB   11/32 KB   131/131 KB   128/315 KB   48/91 KB   144/1113 KB   11/32 KB   131/131 KB   128/315 KB   48/91 KB   144/1113 KB   13/32 KB   131/131 KB   128/315 KB   48/91 KB   144/1113 KB   16/32 KB   131/131 KB   128/315 KB   48/91 KB   144/1113 KB   19/32 KB   131/131 KB   128/315 KB   48/91 KB   148/1113 KB   19/32 KB   131/131 KB   128/315 KB   48/91 KB   152/1113 KB   19/32 KB   131/131 KB   128/315 KB   48/91 KB   156/1113 KB   19/32 KB   131/131 KB   128/315 KB   48/91 KB   160/1113 KB   19/32 KB   131/131 KB   128/315 KB   48/91 KB   160/1113 KB   21/32 KB   131/131 KB   128/315 KB   48/91 KB   160/1113 KB   24/32 KB   131/131 KB   128/315 KB   48/91 KB   160/1113 KB   27/32 KB   131/131 KB   132/315 KB   48/91 KB   160/1113 KB   27/32 KB   131/131 KB   136/315 KB   48/91 KB   160/1113 KB   27/32 KB   131/131 KB   140/315 KB   48/91 KB   160/1113 KB   27/32 KB   131/131 KB   144/315 KB   48/91 KB   160/1113 KB   27/32 KB   131/131 KB   144/315 KB   52/91 KB   160/1113 KB   27/32 KB   131/131 KB   144/315 KB   56/91 KB   160/1113 KB   27/32 KB   131/131 KB   144/315 KB   60/91 KB   160/1113 KB   27/32 KB   131/131 KB   144/315 KB   64/91 KB   160/1113 KB   27/32 KB   131/131 KB   144/315 KB   64/91 KB   160/1113 KB   29/32 KB   131/131 KB   144/315 KB   64/91 KB   160/1113 KB   32/32 KB   131/131 KB   144/315 KB   64/91 KB   160/1113 KB   32/32 KB   131/131 KB   148/315 KB   64/91 KB   160/1113 KB   32/32 KB   131/131 KB   152/315 KB   64/91 KB   160/1113 KB   32/32 KB   131/131 KB   156/315 KB   64/91 KB   160/1113 KB   32/32 KB   131/131 KB   160/315 KB   64/91 KB   160/1113 KB   32/32 KB   131/131 KB   160/315 KB   68/91 KB   160/1113 KB   32/32 KB   131/131 KB   160/315 KB   72/91 KB   160/1113 KB   32/32 KB   131/131 KB   160/315 KB   76/91 KB   160/1113 KB   32/32 KB   131/131 KB   160/315 KB   80/91 KB   160/1113 KB   32/32 KB   131/131 KB   160/315 KB   80/91 KB   164/1113 KB   32/32 KB   131/131 KB   160/315 KB   80/91 KB   168/1113 KB   32/32 KB   131/131 KB   160/315 KB   80/91 KB   172/1113 KB   32/32 KB   131/131 KB   160/315 KB   80/91 KB   176/1113 KB   32/32 KB   131/131 KB   160/315 KB   84/91 KB   176/1113 KB   32/32 KB   131/131 KB   160/315 KB   88/91 KB   176/1113 KB   32/32 KB   131/131 KB   160/315 KB   91/91 KB   176/1113 KB   32/32 KB   131/131 KB   160/315 KB   91/91 KB   180/1113 KB   32/32 KB   131/131 KB   160/315 KB   91/91 KB   184/1113 KB   32/32 KB   131/131 KB   160/315 KB   91/91 KB   188/1113 KB   32/32 KB   131/131 KB                                                                 Downloaded: https://repo.maven.apache.org/maven2/org/apache/logging/log4j/log4j-api/2.2/log4j-api-2.2.jar (131 KB at 102.7 KB/sec)
Downloading: https://repo.maven.apache.org/maven2/org/apache/logging/log4j/log4j-api/2.2/log4j-api-2.2-tests.jar
160/315 KB   91/91 KB   192/1113 KB   32/32 KB                164/315 KB   91/91 KB   192/1113 KB   32/32 KB   168/315 KB   91/91 KB   192/1113 KB   32/32 KB   172/315 KB   91/91 KB   192/1113 KB   32/32 KB   176/315 KB   91/91 KB   192/1113 KB   32/32 KB   176/315 KB   91/91 KB   196/1113 KB   32/32 KB   176/315 KB   91/91 KB   200/1113 KB   32/32 KB   176/315 KB   91/91 KB   204/1113 KB   32/32 KB   176/315 KB   91/91 KB   208/1113 KB   32/32 KB   180/315 KB   91/91 KB   208/1113 KB   32/32 KB   184/315 KB   91/91 KB   208/1113 KB   32/32 KB   188/315 KB   91/91 KB   208/1113 KB   32/32 KB   192/315 KB   91/91 KB   208/1113 KB   32/32 KB   192/315 KB   91/91 KB   212/1113 KB   32/32 KB   192/315 KB   91/91 KB   216/1113 KB   32/32 KB   192/315 KB   91/91 KB   220/1113 KB   32/32 KB   192/315 KB   91/91 KB   224/1113 KB   32/32 KB   196/315 KB   91/91 KB   224/1113 KB   32/32 KB   200/315 KB   91/91 KB   224/1113 KB   32/32 KB   204/315 KB   91/91 KB   224/1113 KB   32/32 KB   208/315 KB   91/91 KB   224/1113 KB   32/32 KB                                                    Downloaded: https://repo.maven.apache.org/maven2/com/fasterxml/jackson/module/jackson-module-jaxb-annotations/2.5.1/jackson-module-jaxb-annotations-2.5.1.jar (32 KB at 23.4 KB/sec)
Downloading: https://repo.maven.apache.org/maven2/org/apache/felix/org.apache.felix.framework/4.6.0/org.apache.felix.framework-4.6.0.jar
212/315 KB   91/91 KB   224/1113 KB              216/315 KB   91/91 KB   224/1113 KB   220/315 KB   91/91 KB   224/1113 KB   224/315 KB   91/91 KB   224/1113 KB   224/315 KB   91/91 KB   228/1113 KB   224/315 KB   91/91 KB   232/1113 KB   224/315 KB   91/91 KB   236/1113 KB   224/315 KB   91/91 KB   240/1113 KB                                         Downloaded: https://repo.maven.apache.org/maven2/com/fasterxml/jackson/dataformat/jackson-dataformat-xml/2.5.1/jackson-dataformat-xml-2.5.1.jar (91 KB at 65.8 KB/sec)
224/315 KB   244/1113 KB              224/315 KB   248/1113 KB   224/315 KB   252/1113 KB   224/315 KB   256/1113 KB   228/315 KB   256/1113 KB   232/315 KB   256/1113 KB   236/315 KB   256/1113 KB   240/315 KB   256/1113 KB   240/315 KB   260/1113 KB   240/315 KB   264/1113 KB   240/315 KB   268/1113 KB   240/315 KB   272/1113 KB   244/315 KB   272/1113 KB   248/315 KB   272/1113 KB   252/315 KB   272/1113 KB   256/315 KB   272/1113 KB   256/315 KB   276/1113 KB   256/315 KB   280/1113 KB   256/315 KB   284/1113 KB   256/315 KB   288/1113 KB   260/315 KB   288/1113 KB   264/315 KB   288/1113 KB   268/315 KB   288/1113 KB   272/315 KB   288/1113 KB   272/315 KB   292/1113 KB   272/315 KB   296/1113 KB   272/315 KB   300/1113 KB   272/315 KB   304/1113 KB   276/315 KB   304/1113 KB   280/315 KB   304/1113 KB   284/315 KB   304/1113 KB   288/315 KB   304/1113 KB   288/315 KB   308/1113 KB   288/315 KB   312/1113 KB   288/315 KB   316/1113 KB   288/315 KB   320/1113 KB   292/315 KB   320/1113 KB   296/315 KB   320/1113 KB   300/315 KB   320/1113 KB   304/315 KB   320/1113 KB   304/315 KB   324/1113 KB   304/315 KB   328/1113 KB   304/315 KB   332/1113 KB   304/315 KB   336/1113 KB   308/315 KB   336/1113 KB   312/315 KB   336/1113 KB   315/315 KB   336/1113 KB   315/315 KB   340/1113 KB   315/315 KB   344/1113 KB   315/315 KB   348/1113 KB   315/315 KB   352/1113 KB   315/315 KB   356/1113 KB   315/315 KB   360/1113 KB   315/315 KB   364/1113 KB   315/315 KB   368/1113 KB   315/315 KB   372/1113 KB   315/315 KB   376/1113 KB   315/315 KB   380/1113 KB   315/315 KB   384/1113 KB   3/564 KB   315/315 KB   384/1113 KB   5/564 KB   315/315 KB   384/1113 KB   8/564 KB   315/315 KB   384/1113 KB   11/564 KB   315/315 KB   384/1113 KB   11/564 KB   315/315 KB   388/1113 KB   11/564 KB   315/315 KB   392/1113 KB   11/564 KB   315/315 KB   396/1113 KB   11/564 KB   315/315 KB   400/1113 KB   13/564 KB   315/315 KB   400/1113 KB   16/564 KB   315/315 KB   400/1113 KB   19/564 KB   315/315 KB   400/1113 KB   21/564 KB   315/315 KB   400/1113 KB   24/564 KB   315/315 KB   400/1113 KB   24/564 KB   315/315 KB   404/1113 KB   24/564 KB   315/315 KB   408/1113 KB   24/564 KB   315/315 KB   412/1113 KB   24/564 KB   315/315 KB   416/1113 KB   27/564 KB   315/315 KB   416/1113 KB   29/564 KB   315/315 KB   416/1113 KB   32/564 KB   315/315 KB   416/1113 KB   32/564 KB   315/315 KB   420/1113 KB   32/564 KB   315/315 KB   424/1113 KB   32/564 KB   315/315 KB   428/1113 KB   32/564 KB   315/315 KB   432/1113 KB   36/564 KB   315/315 KB   432/1113 KB   40/564 KB   315/315 KB   432/1113 KB   44/564 KB   315/315 KB   432/1113 KB   48/564 KB   315/315 KB   432/1113 KB   48/564 KB   315/315 KB   436/1113 KB   48/564 KB   315/315 KB   440/1113 KB   48/564 KB   315/315 KB   444/1113 KB   48/564 KB   315/315 KB   448/1113 KB   48/564 KB   315/315 KB   4/87 KB   448/1113 KB   48/564 KB   315/315 KB   8/87 KB   448/1113 KB   48/564 KB   315/315 KB   12/87 KB   448/1113 KB   48/564 KB   315/315 KB   16/87 KB   448/1113 KB   48/564 KB   315/315 KB   16/87 KB   452/1113 KB   48/564 KB   315/315 KB   16/87 KB   456/1113 KB   48/564 KB   315/315 KB   16/87 KB   460/1113 KB   48/564 KB   315/315 KB   16/87 KB   464/1113 KB   48/564 KB   315/315 KB   20/87 KB   464/1113 KB   48/564 KB   315/315 KB   20/87 KB   468/1113 KB   48/564 KB   315/315 KB   24/87 KB   468/1113 KB   48/564 KB   315/315 KB   28/87 KB   468/1113 KB   48/564 KB   315/315 KB   28/87 KB   472/1113 KB   48/564 KB   315/315 KB   32/87 KB   472/1113 KB   48/564 KB   315/315 KB   32/87 KB   476/1113 KB   48/564 KB   315/315 KB   32/87 KB   480/1113 KB   48/564 KB   315/315 KB   32/87 KB   484/1113 KB   48/564 KB   315/315 KB   32/87 KB   488/1113 KB   48/564 KB   315/315 KB   32/87 KB   492/1113 KB   48/564 KB   315/315 KB   32/87 KB   496/1113 KB   48/564 KB   315/315 KB   36/87 KB   496/1113 KB   48/564 KB   315/315 KB   40/87 KB   496/1113 KB   48/564 KB   315/315 KB   44/87 KB   496/1113 KB   48/564 KB   315/315 KB   48/87 KB   496/1113 KB   48/564 KB   315/315 KB   48/87 KB   500/1113 KB   48/564 KB   315/315 KB   48/87 KB   504/1113 KB   48/564 KB   315/315 KB   48/87 KB   508/1113 KB   48/564 KB   315/315 KB   48/87 KB   512/1113 KB   48/564 KB   315/315 KB   48/87 KB   516/1113 KB   48/564 KB   315/315 KB   48/87 KB   520/1113 KB   48/564 KB   315/315 KB   48/87 KB   524/1113 KB   48/564 KB   315/315 KB   48/87 KB   528/1113 KB   48/564 KB   315/315 KB   48/87 KB   532/1113 KB   48/564 KB   315/315 KB   48/87 KB   536/1113 KB   48/564 KB   315/315 KB   48/87 KB   540/1113 KB   48/564 KB   315/315 KB   48/87 KB   544/1113 KB   48/564 KB   315/315 KB   48/87 KB   548/1113 KB   48/564 KB   315/315 KB   48/87 KB   552/1113 KB   48/564 KB   315/315 KB   48/87 KB   556/1113 KB   48/564 KB   315/315 KB   48/87 KB   560/1113 KB   48/564 KB   315/315 KB   48/87 KB   564/1113 KB   48/564 KB   315/315 KB   48/87 KB   568/1113 KB   48/564 KB   315/315 KB   48/87 KB   572/1113 KB   48/564 KB   315/315 KB   48/87 KB   576/1113 KB                                                     Downloaded: https://repo.maven.apache.org/maven2/com/fasterxml/jackson/dataformat/jackson-dataformat-yaml/2.5.1/jackson-dataformat-yaml-2.5.1.jar (315 KB at 193.6 KB/sec)
48/564 KB   48/87 KB   580/1113 KB                48/564 KB   48/87 KB   584/1113 KB   48/564 KB   48/87 KB   588/1113 KB   48/564 KB   48/87 KB   592/1113 KB   48/564 KB   48/87 KB   596/1113 KB   48/564 KB   48/87 KB   600/1113 KB   48/564 KB   48/87 KB   604/1113 KB   48/564 KB   48/87 KB   608/1113 KB   48/564 KB   48/87 KB   612/1113 KB   48/564 KB   48/87 KB   616/1113 KB   48/564 KB   48/87 KB   620/1113 KB   48/564 KB   48/87 KB   624/1113 KB   48/564 KB   48/87 KB   628/1113 KB   48/564 KB   48/87 KB   632/1113 KB   48/564 KB   48/87 KB   636/1113 KB   48/564 KB   48/87 KB   640/1113 KB   48/564 KB   48/87 KB   644/1113 KB   48/564 KB   48/87 KB   648/1113 KB   48/564 KB   48/87 KB   652/1113 KB   48/564 KB   48/87 KB   656/1113 KB   48/564 KB   48/87 KB   660/1113 KB   48/564 KB   48/87 KB   664/1113 KB   48/564 KB   48/87 KB   668/1113 KB   48/564 KB   48/87 KB   672/1113 KB   52/564 KB   48/87 KB   672/1113 KB   56/564 KB   48/87 KB   672/1113 KB   60/564 KB   48/87 KB   672/1113 KB   64/564 KB   48/87 KB   672/1113 KB   64/564 KB   48/87 KB   676/1113 KB   64/564 KB   48/87 KB   680/1113 KB   64/564 KB   48/87 KB   684/1113 KB   64/564 KB   48/87 KB   688/1113 KB   64/564 KB   48/87 KB   692/1113 KB   64/564 KB   48/87 KB   696/1113 KB   64/564 KB   48/87 KB   700/1113 KB   64/564 KB   48/87 KB   704/1113 KB   64/564 KB   48/87 KB   708/1113 KB   64/564 KB   48/87 KB   712/1113 KB   64/564 KB   48/87 KB   716/1113 KB   64/564 KB   48/87 KB   720/1113 KB   68/564 KB   48/87 KB   720/1113 KB   72/564 KB   48/87 KB   720/1113 KB   76/564 KB   48/87 KB   720/1113 KB   80/564 KB   48/87 KB   720/1113 KB   80/564 KB   48/87 KB   724/1113 KB   80/564 KB   48/87 KB   728/1113 KB   80/564 KB   48/87 KB   732/1113 KB   80/564 KB   48/87 KB   736/1113 KB   80/564 KB   48/87 KB   740/1113 KB   80/564 KB   48/87 KB   744/1113 KB   80/564 KB   48/87 KB   748/1113 KB   80/564 KB   48/87 KB   752/1113 KB   80/564 KB   48/87 KB   756/1113 KB   80/564 KB   48/87 KB   760/1113 KB   80/564 KB   48/87 KB   764/1113 KB   80/564 KB   48/87 KB   768/1113 KB   84/564 KB   48/87 KB   768/1113 KB   88/564 KB   48/87 KB   768/1113 KB   92/564 KB   48/87 KB   768/1113 KB   96/564 KB   48/87 KB   768/1113 KB   96/564 KB   52/87 KB   768/1113 KB   96/564 KB   56/87 KB   768/1113 KB   96/564 KB   60/87 KB   768/1113 KB   96/564 KB   64/87 KB   768/1113 KB   100/564 KB   64/87 KB   768/1113 KB   104/564 KB   64/87 KB   768/1113 KB   108/564 KB   64/87 KB   768/1113 KB   112/564 KB   64/87 KB   768/1113 KB   112/564 KB   64/87 KB   772/1113 KB   112/564 KB   64/87 KB   776/1113 KB   112/564 KB   64/87 KB   780/1113 KB   112/564 KB   64/87 KB   784/1113 KB   112/564 KB   64/87 KB   788/1113 KB   112/564 KB   64/87 KB   792/1113 KB   112/564 KB   64/87 KB   796/1113 KB   112/564 KB   64/87 KB   800/1113 KB   112/564 KB   68/87 KB   800/1113 KB   112/564 KB   72/87 KB   800/1113 KB   112/564 KB   76/87 KB   800/1113 KB   112/564 KB   80/87 KB   800/1113 KB   112/564 KB   84/87 KB   800/1113 KB   112/564 KB   87/87 KB   800/1113 KB   112/564 KB   87/87 KB   804/1113 KB   112/564 KB   87/87 KB   808/1113 KB   112/564 KB   87/87 KB   812/1113 KB   112/564 KB   87/87 KB   816/1113 KB   112/564 KB   87/87 KB   820/1113 KB   112/564 KB   87/87 KB   824/1113 KB   112/564 KB   87/87 KB   828/1113 KB   112/564 KB   87/87 KB   832/1113 KB   112/564 KB   87/87 KB   836/1113 KB   112/564 KB   87/87 KB   840/1113 KB   112/564 KB   87/87 KB   844/1113 KB   112/564 KB   87/87 KB   848/1113 KB   112/564 KB   87/87 KB   852/1113 KB   112/564 KB   87/87 KB   856/1113 KB   112/564 KB   87/87 KB   860/1113 KB   112/564 KB   87/87 KB   864/1113 KB   112/564 KB   87/87 KB   868/1113 KB   112/564 KB   87/87 KB   872/1113 KB   112/564 KB   87/87 KB   876/1113 KB   112/564 KB   87/87 KB   880/1113 KB   112/564 KB   87/87 KB   884/1113 KB   112/564 KB   87/87 KB   888/1113 KB   112/564 KB   87/87 KB   892/1113 KB   112/564 KB   87/87 KB   896/1113 KB   112/564 KB   87/87 KB   900/1113 KB   112/564 KB   87/87 KB   904/1113 KB   112/564 KB   87/87 KB   908/1113 KB   112/564 KB   87/87 KB   912/1113 KB   112/564 KB   87/87 KB   916/1113 KB   112/564 KB   87/87 KB   920/1113 KB   112/564 KB   87/87 KB   924/1113 KB   112/564 KB   87/87 KB   928/1113 KB   112/564 KB   87/87 KB   932/1113 KB   112/564 KB   87/87 KB   936/1113 KB   112/564 KB   87/87 KB   940/1113 KB   112/564 KB   87/87 KB   944/1113 KB   112/564 KB   87/87 KB   948/1113 KB   112/564 KB   87/87 KB   952/1113 KB   112/564 KB   87/87 KB   956/1113 KB   112/564 KB   87/87 KB   960/1113 KB   112/564 KB   87/87 KB   964/1113 KB   112/564 KB   87/87 KB   968/1113 KB   112/564 KB   87/87 KB   972/1113 KB   112/564 KB   87/87 KB   976/1113 KB   112/564 KB   87/87 KB   980/1113 KB   112/564 KB   87/87 KB   984/1113 KB   112/564 KB   87/87 KB   988/1113 KB   112/564 KB   87/87 KB   992/1113 KB   112/564 KB   87/87 KB   996/1113 KB   112/564 KB   87/87 KB   1000/1113 KB   112/564 KB   87/87 KB   1004/1113 KB   112/564 KB   87/87 KB   1008/1113 KB   112/564 KB   87/87 KB   1012/1113 KB   112/564 KB   87/87 KB   1016/1113 KB   112/564 KB   87/87 KB   1020/1113 KB   112/564 KB   87/87 KB   1024/1113 KB   112/564 KB   87/87 KB   1028/1113 KB   112/564 KB   87/87 KB   1032/1113 KB   112/564 KB   87/87 KB   1036/1113 KB   112/564 KB   87/87 KB   1040/1113 KB   112/564 KB   87/87 KB   1044/1113 KB   112/564 KB   87/87 KB   1048/1113 KB   112/564 KB   87/87 KB   1052/1113 KB   112/564 KB   87/87 KB   1056/1113 KB   112/564 KB   87/87 KB   1060/1113 KB   112/564 KB   87/87 KB   1064/1113 KB   112/564 KB   87/87 KB   1068/1113 KB   112/564 KB   87/87 KB   1072/1113 KB   112/564 KB   87/87 KB   1076/1113 KB   112/564 KB   87/87 KB   1080/1113 KB   112/564 KB   87/87 KB   1084/1113 KB   112/564 KB   87/87 KB   1088/1113 KB   112/564 KB   87/87 KB   1092/1113 KB   112/564 KB   87/87 KB   1096/1113 KB   112/564 KB   87/87 KB   1100/1113 KB   112/564 KB   87/87 KB   1104/1113 KB   112/564 KB   87/87 KB   1108/1113 KB   112/564 KB   87/87 KB   1112/1113 KB   112/564 KB   87/87 KB   1113/1113 KB   116/564 KB   87/87 KB   1113/1113 KB   120/564 KB   87/87 KB   1113/1113 KB   124/564 KB   87/87 KB   1113/1113 KB   128/564 KB   87/87 KB   1113/1113 KB   132/564 KB   87/87 KB   1113/1113 KB   136/564 KB   87/87 KB   1113/1113 KB   140/564 KB   87/87 KB   1113/1113 KB   144/564 KB   87/87 KB   1113/1113 KB   148/564 KB   87/87 KB   1113/1113 KB   152/564 KB   87/87 KB   1113/1113 KB   156/564 KB   87/87 KB   1113/1113 KB   160/564 KB   87/87 KB   1113/1113 KB   164/564 KB   87/87 KB   1113/1113 KB   168/564 KB   87/87 KB   1113/1113 KB   172/564 KB   87/87 KB   1113/1113 KB   176/564 KB   87/87 KB   1113/1113 KB                                          Downloaded: https://repo.maven.apache.org/maven2/com/fasterxml/jackson/core/jackson-databind/2.5.1/jackson-databind-2.5.1.jar (1113 KB at 576.9 KB/sec)
                                       Downloaded: https://repo.maven.apache.org/maven2/org/apache/logging/log4j/log4j-api/2.2/log4j-api-2.2-tests.jar (87 KB at 44.4 KB/sec)
180/564 KB                             184/564 KB   188/564 KB   192/564 KB   196/564 KB   200/564 KB   204/564 KB   208/564 KB   212/564 KB   216/564 KB   220/564 KB   224/564 KB   228/564 KB   232/564 KB   236/564 KB   240/564 KB   244/564 KB   248/564 KB   252/564 KB   256/564 KB   260/564 KB   264/564 KB   268/564 KB   272/564 KB   276/564 KB   280/564 KB   284/564 KB   288/564 KB   292/564 KB   296/564 KB   300/564 KB   304/564 KB   308/564 KB   312/564 KB   316/564 KB   320/564 KB   324/564 KB   328/564 KB   332/564 KB   336/564 KB   340/564 KB   344/564 KB   348/564 KB   352/564 KB   356/564 KB   360/564 KB   364/564 KB   368/564 KB   372/564 KB   376/564 KB   380/564 KB   384/564 KB   388/564 KB   392/564 KB   396/564 KB   400/564 KB   404/564 KB   408/564 KB   412/564 KB   416/564 KB   420/564 KB   424/564 KB   428/564 KB   432/564 KB   436/564 KB   440/564 KB   444/564 KB   448/564 KB   452/564 KB   456/564 KB   460/564 KB   464/564 KB   468/564 KB   472/564 KB   476/564 KB   480/564 KB   484/564 KB   488/564 KB   492/564 KB   496/564 KB   500/564 KB   504/564 KB   508/564 KB   512/564 KB   516/564 KB   520/564 KB   524/564 KB   528/564 KB   532/564 KB   536/564 KB   540/564 KB   544/564 KB   548/564 KB   552/564 KB   556/564 KB   560/564 KB   564/564 KB   564/564 KB                Downloaded: https://repo.maven.apache.org/maven2/org/apache/felix/org.apache.felix.framework/4.6.0/org.apache.felix.framework-4.6.0.jar (564 KB at 244.3 KB/sec)
[INFO] 
[INFO] --- maven-remote-resources-plugin:1.1:process (default) @ log4j-core ---
[INFO] Setting property: classpath.resource.loader.class => 'org.codehaus.plexus.velocity.ContextClassLoaderResourceLoader'.
[INFO] Setting property: velocimacro.messages.on => 'false'.
[INFO] Setting property: resource.loader => 'classpath'.
[INFO] Setting property: resource.manager.logwhenfound => 'false'.
[INFO] 
[INFO] --- maven-resources-plugin:2.6:resources (default-resources) @ log4j-core ---
[INFO] Using 'UTF-8' encoding to copy filtered resources.
[INFO] Copying 8 resources
[INFO] 
[INFO] --- maven-compiler-plugin:3.2:compile (default-compile) @ log4j-core ---
[INFO] Changes detected - recompiling the module!
[INFO] Compiling 408 source files to /home/artefact/tests/Results/log4j-core/log4j-core/target/classes
[WARNING] bootstrap class path not set in conjunction with -source 1.6
/home/artefact/tests/Results/log4j-core/log4j-core/src/main/java/org/apache/logging/log4j/core/impl/ThrowableProxy.java:[594,53] [deprecation] getSuppressed(Throwable) in Throwables has been deprecated
[WARNING] /home/artefact/tests/Results/log4j-core/log4j-core/src/main/java/org/apache/logging/log4j/core/jackson/ListOfMapEntrySerializer.java:[35,7] [serial] serializable class ListOfMapEntrySerializer has no definition of serialVersionUID
[WARNING] /home/artefact/tests/Results/log4j-core/log4j-core/src/main/java/org/apache/logging/log4j/core/config/plugins/util/ResolverUtil.java:[240,36] [cast] redundant cast to BundleWiring
[WARNING] /home/artefact/tests/Results/log4j-core/log4j-core/src/main/java/org/apache/logging/log4j/core/config/plugins/util/ResolverUtil.java:[243,40] [cast] redundant cast to Collection<String>
[WARNING] /home/artefact/tests/Results/log4j-core/log4j-core/src/main/java/org/apache/logging/log4j/core/jackson/MessageSerializer.java:[33,6] [serial] serializable class MessageSerializer has no definition of serialVersionUID
[WARNING] /home/artefact/tests/Results/log4j-core/log4j-core/src/main/java/org/apache/logging/log4j/core/async/AsyncLogger.java:[127,34] [unchecked] unchecked generic array creation for varargs parameter of type EventHandler<? super RingBufferLogEvent>[]
[WARNING] /home/artefact/tests/Results/log4j-core/log4j-core/src/main/java/org/apache/logging/log4j/core/appender/TlsSyslogFrame.java:[24,7] [overrides] Class TlsSyslogFrame overrides equals, but neither it nor any superclass overrides hashCode method
[INFO] 
[INFO] --- maven-compiler-plugin:3.2:compile (process-plugins) @ log4j-core ---
[INFO] Changes detected - recompiling the module!
[INFO] Compiling 408 source files to /home/artefact/tests/Results/log4j-core/log4j-core/target/classes
[INFO] 
[INFO] --- maven-bundle-plugin:2.5.3:manifest (default) @ log4j-core ---
[INFO] 
[INFO] --- maven-resources-plugin:2.6:testResources (default-testResources) @ log4j-core ---
[INFO] Using 'UTF-8' encoding to copy filtered resources.
[INFO] Copying 153 resources
[INFO] 
[INFO] --- maven-compiler-plugin:3.2:testCompile (default-testCompile) @ log4j-core ---
[INFO] Changes detected - recompiling the module!
[INFO] Compiling 288 source files to /home/artefact/tests/Results/log4j-core/log4j-core/target/test-classes
[WARNING] bootstrap class path not set in conjunction with -source 1.6
/home/artefact/tests/Results/log4j-core/log4j-core/src/test/java/org/apache/logging/log4j/core/selector/TestClassLoader.java:[28,15] IOUtils is internal proprietary API and may be removed in a future release
[WARNING] warning: Supported source version 'RELEASE_5' from annotation processor 'ch.qos.cal10n.verifier.processor.CAL10NAnnotationProcessor' less than -source '1.6'
warning: No processor claimed any of these annotations: com.fasterxml.jackson.annotation.JsonProperty,org.junit.BeforeClass,org.junit.runner.RunWith,org.junit.runners.Parameterized.Parameters,javax.persistence.Table,org.junit.After,org.junit.ClassRule,org.junit.Before,javax.persistence.Id,javax.persistence.Entity,org.junit.AfterClass,org.junit.Test,org.junit.experimental.categories.Category,javax.persistence.Basic,javax.persistence.Column,org.junit.Rule,org.junit.Ignore,javax.persistence.GeneratedValue,javax.persistence.Temporal,javax.persistence.Transient,com.fasterxml.jackson.databind.annotation.JsonDeserialize,javax.persistence.Convert
/home/artefact/tests/Results/log4j-core/log4j-core/src/test/java/org/apache/logging/log4j/core/selector/TestClassLoader.java:[28,15] IOUtils is internal proprietary API and may be removed in a future release
[WARNING] /home/artefact/tests/Results/log4j-core/log4j-core/src/test/java/org/apache/logging/log4j/core/selector/TestClassLoader.java:[28,15] IOUtils is internal proprietary API and may be removed in a future release
[WARNING] /home/artefact/tests/Results/log4j-core/log4j-core/src/test/java/org/apache/logging/log4j/core/tools/GenerateExtendedLoggerTest.java:[93,73] [rawtypes] found raw type: Class
[WARNING]   missing type arguments for generic class Class<T>
  where T is a type-variable:
    T extends Object declared in class Class
/home/artefact/tests/Results/log4j-core/log4j-core/src/test/java/org/apache/logging/log4j/core/tools/GenerateExtendedLoggerTest.java:[94,73] [rawtypes] found raw type: Class
[WARNING]   missing type arguments for generic class Class<T>
  where T is a type-variable:
    T extends Object declared in class Class
/home/artefact/tests/Results/log4j-core/log4j-core/src/test/java/org/apache/logging/log4j/core/tools/GenerateExtendedLoggerTest.java:[95,73] [rawtypes] found raw type: Class
[WARNING]   missing type arguments for generic class Class<T>
  where T is a type-variable:
    T extends Object declared in class Class
/home/artefact/tests/Results/log4j-core/log4j-core/src/test/java/org/apache/logging/log4j/core/tools/GenerateExtendedLoggerTest.java:[96,73] [rawtypes] found raw type: Class
[WARNING]   missing type arguments for generic class Class<T>
  where T is a type-variable:
    T extends Object declared in class Class
/home/artefact/tests/Results/log4j-core/log4j-core/src/test/java/org/apache/logging/log4j/core/tools/GenerateExtendedLoggerTest.java:[123,66] [rawtypes] found raw type: Class
[WARNING]   missing type arguments for generic class Class<T>
  where T is a type-variable:
    T extends Object declared in class Class
/home/artefact/tests/Results/log4j-core/log4j-core/src/test/java/org/apache/logging/log4j/core/layout/LogEventFixtures.java:[57,18] [deprecation] addSuppressed(Throwable,Throwable) in Throwables has been deprecated
[WARNING] /home/artefact/tests/Results/log4j-core/log4j-core/src/test/java/org/apache/logging/log4j/core/layout/LogEventFixtures.java:[58,18] [deprecation] addSuppressed(Throwable,Throwable) in Throwables has been deprecated
[WARNING] /home/artefact/tests/Results/log4j-core/log4j-core/src/test/java/org/apache/logging/log4j/test/layout/BasicLayout.java:[32,7] [serial] serializable class BasicLayout has no definition of serialVersionUID
[WARNING] /home/artefact/tests/Results/log4j-core/log4j-core/src/test/java/org/apache/logging/log4j/core/selector/TestClassLoader.java:[63,27] IOUtils is internal proprietary API and may be removed in a future release
[WARNING] /home/artefact/tests/Results/log4j-core/log4j-core/src/test/java/org/apache/logging/log4j/core/tools/GenerateCustomLoggerTest.java:[92,73] [rawtypes] found raw type: Class
[WARNING]   missing type arguments for generic class Class<T>
  where T is a type-variable:
    T extends Object declared in class Class
/home/artefact/tests/Results/log4j-core/log4j-core/src/test/java/org/apache/logging/log4j/core/tools/GenerateCustomLoggerTest.java:[93,73] [rawtypes] found raw type: Class
[WARNING]   missing type arguments for generic class Class<T>
  where T is a type-variable:
    T extends Object declared in class Class
/home/artefact/tests/Results/log4j-core/log4j-core/src/test/java/org/apache/logging/log4j/core/tools/GenerateCustomLoggerTest.java:[94,73] [rawtypes] found raw type: Class
[WARNING]   missing type arguments for generic class Class<T>
  where T is a type-variable:
    T extends Object declared in class Class
/home/artefact/tests/Results/log4j-core/log4j-core/src/test/java/org/apache/logging/log4j/core/tools/GenerateCustomLoggerTest.java:[95,73] [rawtypes] found raw type: Class
[WARNING]   missing type arguments for generic class Class<T>
  where T is a type-variable:
    T extends Object declared in class Class
/home/artefact/tests/Results/log4j-core/log4j-core/src/test/java/org/apache/logging/log4j/core/tools/GenerateCustomLoggerTest.java:[122,66] [rawtypes] found raw type: Class
[INFO] 
[INFO] --- maven-surefire-plugin:2.17:test (default-test) @ log4j-core ---
[INFO] Surefire report directory: /home/artefact/tests/Results/log4j-core/log4j-core/target/surefire-reports
[INFO] parallel='none', perCoreThreadCount=true, threadCount=0, useUnlimitedThreads=false, threadCountSuites=0, threadCountClasses=0, threadCountMethods=0, parallelOptimized=true

-------------------------------------------------------
 T E S T S
-------------------------------------------------------

-------------------------------------------------------
 T E S T S
-------------------------------------------------------
Running org.apache.logging.log4j.core.TimestampMessageTest
Tests run: 1, Failures: 0, Errors: 0, Skipped: 0, Time elapsed: 0.05 sec - in org.apache.logging.log4j.core.TimestampMessageTest
Running org.apache.logging.log4j.core.ShutdownDisabledTest
Tests run: 1, Failures: 0, Errors: 0, Skipped: 0, Time elapsed: 0.003 sec - in org.apache.logging.log4j.core.ShutdownDisabledTest
Running org.apache.logging.log4j.core.lookup.ContextMapLookupTest
Tests run: 2, Failures: 0, Errors: 0, Skipped: 0, Time elapsed: 0.375 sec - in org.apache.logging.log4j.core.lookup.ContextMapLookupTest
Running org.apache.logging.log4j.core.lookup.DateLookupTest
Tests run: 1, Failures: 0, Errors: 0, Skipped: 0, Time elapsed: 0.04 sec - in org.apache.logging.log4j.core.lookup.DateLookupTest
Running org.apache.logging.log4j.core.lookup.StructuredDataLookupTest
Tests run: 1, Failures: 0, Errors: 0, Skipped: 0, Time elapsed: 0.038 sec - in org.apache.logging.log4j.core.lookup.StructuredDataLookupTest
Running org.apache.logging.log4j.core.lookup.MainInputArgumentsJmxLookupTest
Tests run: 1, Failures: 0, Errors: 0, Skipped: 0, Time elapsed: 0.004 sec - in org.apache.logging.log4j.core.lookup.MainInputArgumentsJmxLookupTest
Running org.apache.logging.log4j.core.lookup.ResourceBundleLookupTest
Tests run: 3, Failures: 0, Errors: 0, Skipped: 0, Time elapsed: 0.023 sec - in org.apache.logging.log4j.core.lookup.ResourceBundleLookupTest
Running org.apache.logging.log4j.core.lookup.InterpolatorTest
java:version = Java version 1.8.0_121
java:runtime = OpenJDK Runtime Environment (build 1.8.0_121-8u121-b13-0ubuntu1.16.04.2-b13) from Oracle Corporation
java:vm = OpenJDK 64-Bit Server VM (build 25.121-b13, mixed mode)
java:os = Linux 4.4.0-62-generic unknown, architecture: amd64-64
java:locale = default locale: en_US, platform encoding: UTF-8
java:hw = processors: 2, architecture: amd64-64
Tests run: 2, Failures: 0, Errors: 0, Skipped: 0, Time elapsed: 0.134 sec - in org.apache.logging.log4j.core.lookup.InterpolatorTest
Running org.apache.logging.log4j.core.lookup.MapLookupTest
Tests run: 4, Failures: 0, Errors: 0, Skipped: 0, Time elapsed: 0.005 sec - in org.apache.logging.log4j.core.lookup.MapLookupTest
Running org.apache.logging.log4j.core.lookup.SystemPropertiesLookupTest
Tests run: 1, Failures: 0, Errors: 0, Skipped: 0, Time elapsed: 0.032 sec - in org.apache.logging.log4j.core.lookup.SystemPropertiesLookupTest
Running org.apache.logging.log4j.core.lookup.JndiLookupTest
Tests run: 1, Failures: 0, Errors: 0, Skipped: 0, Time elapsed: 0.142 sec - in org.apache.logging.log4j.core.lookup.JndiLookupTest
Running org.apache.logging.log4j.core.lookup.EnvironmentLookupTest
Tests run: 1, Failures: 0, Errors: 0, Skipped: 0, Time elapsed: 0.005 sec - in org.apache.logging.log4j.core.lookup.EnvironmentLookupTest
Running org.apache.logging.log4j.core.lookup.StrSubstitutorTest
Tests run: 1, Failures: 0, Errors: 0, Skipped: 0, Time elapsed: 0.1 sec - in org.apache.logging.log4j.core.lookup.StrSubstitutorTest
Running org.apache.logging.log4j.core.jmx.ServerTest
Tests run: 10, Failures: 0, Errors: 0, Skipped: 0, Time elapsed: 0.035 sec - in org.apache.logging.log4j.core.jmx.ServerTest
Running org.apache.logging.log4j.core.config.XIncludeTest
Tests run: 3, Failures: 0, Errors: 0, Skipped: 0, Time elapsed: 0.387 sec - in org.apache.logging.log4j.core.config.XIncludeTest
Running org.apache.logging.log4j.core.config.TestConfigurator
Tests run: 16, Failures: 0, Errors: 0, Skipped: 0, Time elapsed: 1.204 sec - in org.apache.logging.log4j.core.config.TestConfigurator
Running org.apache.logging.log4j.core.config.CustomConfigurationTest
2017-10-12 06:55:56,301 WARN The bufferSize is set to 4000 but bufferedIO is not true: false
Tests run: 1, Failures: 0, Errors: 0, Skipped: 0, Time elapsed: 0.305 sec - in org.apache.logging.log4j.core.config.CustomConfigurationTest
Running org.apache.logging.log4j.core.config.FileOutputTest
Tests run: 1, Failures: 0, Errors: 0, Skipped: 0, Time elapsed: 0.363 sec - in org.apache.logging.log4j.core.config.FileOutputTest
Running org.apache.logging.log4j.core.config.MissingRootLoggerTest
Tests run: 1, Failures: 0, Errors: 0, Skipped: 0, Time elapsed: 0.333 sec - in org.apache.logging.log4j.core.config.MissingRootLoggerTest
Running org.apache.logging.log4j.core.config.TestConfiguratorError
Tests run: 2, Failures: 0, Errors: 0, Skipped: 0, Time elapsed: 0.042 sec - in org.apache.logging.log4j.core.config.TestConfiguratorError
Running org.apache.logging.log4j.core.config.ReconfigurationDeadlockTest
Tests run: 1, Failures: 0, Errors: 0, Skipped: 0, Time elapsed: 8.856 sec - in org.apache.logging.log4j.core.config.ReconfigurationDeadlockTest
Running org.apache.logging.log4j.core.config.xml.XmlLoggerPropsTest
Tests run: 1, Failures: 0, Errors: 0, Skipped: 0, Time elapsed: 0.305 sec - in org.apache.logging.log4j.core.config.xml.XmlLoggerPropsTest
Running org.apache.logging.log4j.core.config.xml.XmlConfigurationPropsTest
2017-10-12 06:56:08,099 WARN Error while converting string [${sys:log.level}] to type [class org.apache.logging.log4j.Level]. Using default value [null]. java.lang.IllegalArgumentException: Unknown level constant [${SYS:LOG.LEVEL}].
	at org.apache.logging.log4j.Level.valueOf(Level.java:286)
	at org.apache.logging.log4j.core.config.plugins.convert.TypeConverters$LevelConverter.convert(TypeConverters.java:230)
	at org.apache.logging.log4j.core.config.plugins.convert.TypeConverters$LevelConverter.convert(TypeConverters.java:226)
	at org.apache.logging.log4j.core.config.plugins.convert.TypeConverters.convert(TypeConverters.java:336)
	at org.apache.logging.log4j.core.config.plugins.visitors.AbstractPluginVisitor.convert(AbstractPluginVisitor.java:130)
	at org.apache.logging.log4j.core.config.plugins.visitors.PluginAttributeVisitor.visit(PluginAttributeVisitor.java:44)
	at org.apache.logging.log4j.core.config.plugins.util.PluginBuilder.generateParameters(PluginBuilder.java:250)
	at org.apache.logging.log4j.core.config.plugins.util.PluginBuilder.build(PluginBuilder.java:134)
	at org.apache.logging.log4j.core.config.AbstractConfiguration.createPluginObject(AbstractConfiguration.java:770)
	at org.apache.logging.log4j.core.config.AbstractConfiguration.createConfiguration(AbstractConfiguration.java:706)
	at org.apache.logging.log4j.core.config.AbstractConfiguration.createConfiguration(AbstractConfiguration.java:698)
	at org.apache.logging.log4j.core.config.AbstractConfiguration.doConfigure(AbstractConfiguration.java:358)
	at org.apache.logging.log4j.core.config.AbstractConfiguration.start(AbstractConfiguration.java:161)
	at org.apache.logging.log4j.core.LoggerContext.setConfiguration(LoggerContext.java:359)
	at org.apache.logging.log4j.core.LoggerContext.reconfigure(LoggerContext.java:420)
	at org.apache.logging.log4j.core.LoggerContext.start(LoggerContext.java:138)
	at org.apache.logging.log4j.core.impl.Log4jContextFactory.getContext(Log4jContextFactory.java:147)
	at org.apache.logging.log4j.core.impl.Log4jContextFactory.getContext(Log4jContextFactory.java:41)
	at org.apache.logging.log4j.LogManager.getContext(LogManager.java:146)
	at org.apache.logging.log4j.core.config.xml.XmlConfigurationPropsTest.testDefaultStatus(XmlConfigurationPropsTest.java:61)
	at sun.reflect.NativeMethodAccessorImpl.invoke0(Native Method)
	at sun.reflect.NativeMethodAccessorImpl.invoke(NativeMethodAccessorImpl.java:62)
	at sun.reflect.DelegatingMethodAccessorImpl.invoke(DelegatingMethodAccessorImpl.java:43)
	at java.lang.reflect.Method.invoke(Method.java:498)
	at org.junit.runners.model.FrameworkMethod$1.runReflectiveCall(FrameworkMethod.java:47)
	at org.junit.internal.runners.model.ReflectiveCallable.run(ReflectiveCallable.java:12)
	at org.junit.runners.model.FrameworkMethod.invokeExplosively(FrameworkMethod.java:44)
	at org.junit.internal.runners.statements.InvokeMethod.evaluate(InvokeMethod.java:17)
	at org.junit.runners.ParentRunner.runLeaf(ParentRunner.java:271)
	at org.junit.runners.BlockJUnit4ClassRunner.runChild(BlockJUnit4ClassRunner.java:70)
	at org.junit.runners.BlockJUnit4ClassRunner.runChild(BlockJUnit4ClassRunner.java:50)
	at org.junit.runners.ParentRunner$3.run(ParentRunner.java:238)
	at org.junit.runners.ParentRunner$1.schedule(ParentRunner.java:63)
	at org.junit.runners.ParentRunner.runChildren(ParentRunner.java:236)
	at org.junit.runners.ParentRunner.access$000(ParentRunner.java:53)
	at org.junit.runners.ParentRunner$2.evaluate(ParentRunner.java:229)
	at org.junit.internal.runners.statements.RunAfters.evaluate(RunAfters.java:27)
	at org.junit.runners.ParentRunner.run(ParentRunner.java:309)
	at org.junit.runners.Suite.runChild(Suite.java:127)
	at org.junit.runners.Suite.runChild(Suite.java:26)
	at org.junit.runners.ParentRunner$3.run(ParentRunner.java:238)
	at org.junit.runners.ParentRunner$1.schedule(ParentRunner.java:63)
	at org.junit.runners.ParentRunner.runChildren(ParentRunner.java:236)
	at org.junit.runners.ParentRunner.access$000(ParentRunner.java:53)
	at org.junit.runners.ParentRunner$2.evaluate(ParentRunner.java:229)
	at org.junit.runners.ParentRunner.run(ParentRunner.java:309)
	at org.junit.runner.JUnitCore.run(JUnitCore.java:160)
	at org.junit.runner.JUnitCore.run(JUnitCore.java:138)
	at org.apache.maven.surefire.junitcore.JUnitCoreWrapper.createRequestAndRun(JUnitCoreWrapper.java:113)
	at org.apache.maven.surefire.junitcore.JUnitCoreWrapper.executeEager(JUnitCoreWrapper.java:85)
	at org.apache.maven.surefire.junitcore.JUnitCoreWrapper.execute(JUnitCoreWrapper.java:54)
	at org.apache.maven.surefire.junitcore.JUnitCoreProvider.invoke(JUnitCoreProvider.java:134)
	at org.apache.maven.surefire.booter.ForkedBooter.invokeProviderInSameClassLoader(ForkedBooter.java:200)
	at org.apache.maven.surefire.booter.ForkedBooter.runSuitesInProcess(ForkedBooter.java:153)
	at org.apache.maven.surefire.booter.ForkedBooter.main(ForkedBooter.java:103)

2017-10-12 06:56:08,160 WARN Error while converting string [${sys:log.level}] to type [class org.apache.logging.log4j.Level]. Using default value [null]. java.lang.IllegalArgumentException: Unknown level constant [${SYS:LOG.LEVEL}].
	at org.apache.logging.log4j.Level.valueOf(Level.java:286)
	at org.apache.logging.log4j.core.config.plugins.convert.TypeConverters$LevelConverter.convert(TypeConverters.java:230)
	at org.apache.logging.log4j.core.config.plugins.convert.TypeConverters$LevelConverter.convert(TypeConverters.java:226)
	at org.apache.logging.log4j.core.config.plugins.convert.TypeConverters.convert(TypeConverters.java:336)
	at org.apache.logging.log4j.core.config.plugins.visitors.AbstractPluginVisitor.convert(AbstractPluginVisitor.java:130)
	at org.apache.logging.log4j.core.config.plugins.visitors.PluginAttributeVisitor.visit(PluginAttributeVisitor.java:44)
	at org.apache.logging.log4j.core.config.plugins.util.PluginBuilder.generateParameters(PluginBuilder.java:250)
	at org.apache.logging.log4j.core.config.plugins.util.PluginBuilder.build(PluginBuilder.java:134)
	at org.apache.logging.log4j.core.config.AbstractConfiguration.createPluginObject(AbstractConfiguration.java:770)
	at org.apache.logging.log4j.core.config.AbstractConfiguration.createConfiguration(AbstractConfiguration.java:706)
	at org.apache.logging.log4j.core.config.AbstractConfiguration.createConfiguration(AbstractConfiguration.java:698)
	at org.apache.logging.log4j.core.config.AbstractConfiguration.doConfigure(AbstractConfiguration.java:358)
	at org.apache.logging.log4j.core.config.AbstractConfiguration.start(AbstractConfiguration.java:161)
	at org.apache.logging.log4j.core.LoggerContext.setConfiguration(LoggerContext.java:359)
	at org.apache.logging.log4j.core.LoggerContext.reconfigure(LoggerContext.java:420)
	at org.apache.logging.log4j.core.config.xml.XmlConfigurationPropsTest.testDefaultStatus(XmlConfigurationPropsTest.java:62)
	at sun.reflect.NativeMethodAccessorImpl.invoke0(Native Method)
	at sun.reflect.NativeMethodAccessorImpl.invoke(NativeMethodAccessorImpl.java:62)
	at sun.reflect.DelegatingMethodAccessorImpl.invoke(DelegatingMethodAccessorImpl.java:43)
	at java.lang.reflect.Method.invoke(Method.java:498)
	at org.junit.runners.model.FrameworkMethod$1.runReflectiveCall(FrameworkMethod.java:47)
	at org.junit.internal.runners.model.ReflectiveCallable.run(ReflectiveCallable.java:12)
	at org.junit.runners.model.FrameworkMethod.invokeExplosively(FrameworkMethod.java:44)
	at org.junit.internal.runners.statements.InvokeMethod.evaluate(InvokeMethod.java:17)
	at org.junit.runners.ParentRunner.runLeaf(ParentRunner.java:271)
	at org.junit.runners.BlockJUnit4ClassRunner.runChild(BlockJUnit4ClassRunner.java:70)
	at org.junit.runners.BlockJUnit4ClassRunner.runChild(BlockJUnit4ClassRunner.java:50)
	at org.junit.runners.ParentRunner$3.run(ParentRunner.java:238)
	at org.junit.runners.ParentRunner$1.schedule(ParentRunner.java:63)
	at org.junit.runners.ParentRunner.runChildren(ParentRunner.java:236)
	at org.junit.runners.ParentRunner.access$000(ParentRunner.java:53)
	at org.junit.runners.ParentRunner$2.evaluate(ParentRunner.java:229)
	at org.junit.internal.runners.statements.RunAfters.evaluate(RunAfters.java:27)
	at org.junit.runners.ParentRunner.run(ParentRunner.java:309)
	at org.junit.runners.Suite.runChild(Suite.java:127)
	at org.junit.runners.Suite.runChild(Suite.java:26)
	at org.junit.runners.ParentRunner$3.run(ParentRunner.java:238)
	at org.junit.runners.ParentRunner$1.schedule(ParentRunner.java:63)
	at org.junit.runners.ParentRunner.runChildren(ParentRunner.java:236)
	at org.junit.runners.ParentRunner.access$000(ParentRunner.java:53)
	at org.junit.runners.ParentRunner$2.evaluate(ParentRunner.java:229)
	at org.junit.runners.ParentRunner.run(ParentRunner.java:309)
	at org.junit.runner.JUnitCore.run(JUnitCore.java:160)
	at org.junit.runner.JUnitCore.run(JUnitCore.java:138)
	at org.apache.maven.surefire.junitcore.JUnitCoreWrapper.createRequestAndRun(JUnitCoreWrapper.java:113)
	at org.apache.maven.surefire.junitcore.JUnitCoreWrapper.executeEager(JUnitCoreWrapper.java:85)
	at org.apache.maven.surefire.junitcore.JUnitCoreWrapper.execute(JUnitCoreWrapper.java:54)
	at org.apache.maven.surefire.junitcore.JUnitCoreProvider.invoke(JUnitCoreProvider.java:134)
	at org.apache.maven.surefire.booter.ForkedBooter.invokeProviderInSameClassLoader(ForkedBooter.java:200)
	at org.apache.maven.surefire.booter.ForkedBooter.runSuitesInProcess(ForkedBooter.java:153)
	at org.apache.maven.surefire.booter.ForkedBooter.main(ForkedBooter.java:103)

2017-10-12 06:56:08,172 WARN Error while converting string [${sys:log.level}] to type [class org.apache.logging.log4j.Level]. Using default value [null]. java.lang.IllegalArgumentException: Unknown level constant [${SYS:LOG.LEVEL}].
	at org.apache.logging.log4j.Level.valueOf(Level.java:286)
	at org.apache.logging.log4j.core.config.plugins.convert.TypeConverters$LevelConverter.convert(TypeConverters.java:230)
	at org.apache.logging.log4j.core.config.plugins.convert.TypeConverters$LevelConverter.convert(TypeConverters.java:226)
	at org.apache.logging.log4j.core.config.plugins.convert.TypeConverters.convert(TypeConverters.java:336)
	at org.apache.logging.log4j.core.config.plugins.visitors.AbstractPluginVisitor.convert(AbstractPluginVisitor.java:130)
	at org.apache.logging.log4j.core.config.plugins.visitors.PluginAttributeVisitor.visit(PluginAttributeVisitor.java:44)
	at org.apache.logging.log4j.core.config.plugins.util.PluginBuilder.generateParameters(PluginBuilder.java:250)
	at org.apache.logging.log4j.core.config.plugins.util.PluginBuilder.build(PluginBuilder.java:134)
	at org.apache.logging.log4j.core.config.AbstractConfiguration.createPluginObject(AbstractConfiguration.java:770)
	at org.apache.logging.log4j.core.config.AbstractConfiguration.createConfiguration(AbstractConfiguration.java:706)
	at org.apache.logging.log4j.core.config.AbstractConfiguration.createConfiguration(AbstractConfiguration.java:698)
	at org.apache.logging.log4j.core.config.AbstractConfiguration.doConfigure(AbstractConfiguration.java:358)
	at org.apache.logging.log4j.core.config.AbstractConfiguration.start(AbstractConfiguration.java:161)
	at org.apache.logging.log4j.core.LoggerContext.setConfiguration(LoggerContext.java:359)
	at org.apache.logging.log4j.core.LoggerContext.reconfigure(LoggerContext.java:420)
	at org.apache.logging.log4j.core.config.xml.XmlConfigurationPropsTest.testWithConfigProp(XmlConfigurationPropsTest.java:76)
	at sun.reflect.NativeMethodAccessorImpl.invoke0(Native Method)
	at sun.reflect.NativeMethodAccessorImpl.invoke(NativeMethodAccessorImpl.java:62)
	at sun.reflect.DelegatingMethodAccessorImpl.invoke(DelegatingMethodAccessorImpl.java:43)
	at java.lang.reflect.Method.invoke(Method.java:498)
	at org.junit.runners.model.FrameworkMethod$1.runReflectiveCall(FrameworkMethod.java:47)
	at org.junit.internal.runners.model.ReflectiveCallable.run(ReflectiveCallable.java:12)
	at org.junit.runners.model.FrameworkMethod.invokeExplosively(FrameworkMethod.java:44)
	at org.junit.internal.runners.statements.InvokeMethod.evaluate(InvokeMethod.java:17)
	at org.junit.runners.ParentRunner.runLeaf(ParentRunner.java:271)
	at org.junit.runners.BlockJUnit4ClassRunner.runChild(BlockJUnit4ClassRunner.java:70)
	at org.junit.runners.BlockJUnit4ClassRunner.runChild(BlockJUnit4ClassRunner.java:50)
	at org.junit.runners.ParentRunner$3.run(ParentRunner.java:238)
	at org.junit.runners.ParentRunner$1.schedule(ParentRunner.java:63)
	at org.junit.runners.ParentRunner.runChildren(ParentRunner.java:236)
	at org.junit.runners.ParentRunner.access$000(ParentRunner.java:53)
	at org.junit.runners.ParentRunner$2.evaluate(ParentRunner.java:229)
	at org.junit.internal.runners.statements.RunAfters.evaluate(RunAfters.java:27)
	at org.junit.runners.ParentRunner.run(ParentRunner.java:309)
	at org.junit.runners.Suite.runChild(Suite.java:127)
	at org.junit.runners.Suite.runChild(Suite.java:26)
	at org.junit.runners.ParentRunner$3.run(ParentRunner.java:238)
	at org.junit.runners.ParentRunner$1.schedule(ParentRunner.java:63)
	at org.junit.runners.ParentRunner.runChildren(ParentRunner.java:236)
	at org.junit.runners.ParentRunner.access$000(ParentRunner.java:53)
	at org.junit.runners.ParentRunner$2.evaluate(ParentRunner.java:229)
	at org.junit.runners.ParentRunner.run(ParentRunner.java:309)
	at org.junit.runner.JUnitCore.run(JUnitCore.java:160)
	at org.junit.runner.JUnitCore.run(JUnitCore.java:138)
	at org.apache.maven.surefire.junitcore.JUnitCoreWrapper.createRequestAndRun(JUnitCoreWrapper.java:113)
	at org.apache.maven.surefire.junitcore.JUnitCoreWrapper.executeEager(JUnitCoreWrapper.java:85)
	at org.apache.maven.surefire.junitcore.JUnitCoreWrapper.execute(JUnitCoreWrapper.java:54)
	at org.apache.maven.surefire.junitcore.JUnitCoreProvider.invoke(JUnitCoreProvider.java:134)
	at org.apache.maven.surefire.booter.ForkedBooter.invokeProviderInSameClassLoader(ForkedBooter.java:200)
	at org.apache.maven.surefire.booter.ForkedBooter.runSuitesInProcess(ForkedBooter.java:153)
	at org.apache.maven.surefire.booter.ForkedBooter.main(ForkedBooter.java:103)

2017-10-12 06:56:08,187 ERROR Invalid status level specified: ${sys:log4j.level}. Defaulting to ERROR.
2017-10-12 06:56:08,210 ERROR No log4j2 configuration file found. Using default configuration: logging only errors to the console.
Tests run: 4, Failures: 0, Errors: 0, Skipped: 0, Time elapsed: 0.376 sec - in org.apache.logging.log4j.core.config.xml.XmlConfigurationPropsTest
Running org.apache.logging.log4j.core.config.ConfigurationTest
2017-10-12 06:56:09,017 WARN The bufferSize is set to 8192 but bufferedIO is not true: false
2017-10-12 06:56:09,049 WARN The bufferSize is set to 8192 but bufferedIO is not true: false
2017-10-12 06:56:09,062 WARN The bufferSize is set to 8192 but bufferedIO is not true: false
2017-10-12 06:56:09,103 WARN The bufferSize is set to 8192 but bufferedIO is not true: false
2017-10-12 06:56:09,120 WARN The bufferSize is set to 8192 but bufferedIO is not true: false
2017-10-12 06:56:09,136 WARN The bufferSize is set to 8192 but bufferedIO is not true: false
Tests run: 9, Failures: 0, Errors: 0, Skipped: 0, Time elapsed: 0.65 sec - in org.apache.logging.log4j.core.config.ConfigurationTest
Running org.apache.logging.log4j.core.config.plugins.convert.TypeConvertersTest
Tests run: 93, Failures: 0, Errors: 0, Skipped: 0, Time elapsed: 0.53 sec - in org.apache.logging.log4j.core.config.plugins.convert.TypeConvertersTest
Running org.apache.logging.log4j.core.config.plugins.convert.TypeConverterRegistryTest
Tests run: 6, Failures: 0, Errors: 0, Skipped: 0, Time elapsed: 0.121 sec - in org.apache.logging.log4j.core.config.plugins.convert.TypeConverterRegistryTest
Running org.apache.logging.log4j.core.config.plugins.validation.validators.RequiredValidatorTest
Tests run: 2, Failures: 0, Errors: 0, Skipped: 0, Time elapsed: 0.244 sec - in org.apache.logging.log4j.core.config.plugins.validation.validators.RequiredValidatorTest
Running org.apache.logging.log4j.core.config.plugins.processor.PluginProcessorTest
Tests run: 4, Failures: 0, Errors: 0, Skipped: 0, Time elapsed: 0.004 sec - in org.apache.logging.log4j.core.config.plugins.processor.PluginProcessorTest
Running org.apache.logging.log4j.core.config.plugins.util.ResolverUtilTest
Tests run: 15, Failures: 0, Errors: 0, Skipped: 4, Time elapsed: 0.028 sec - in org.apache.logging.log4j.core.config.plugins.util.ResolverUtilTest
Running org.apache.logging.log4j.core.config.plugins.util.PluginManagerPackagesTest
Tests run: 1, Failures: 0, Errors: 0, Skipped: 0, Time elapsed: 0.916 sec - in org.apache.logging.log4j.core.config.plugins.util.PluginManagerPackagesTest
Running org.apache.logging.log4j.core.config.AdvertiserTest
Tests run: 3, Failures: 0, Errors: 0, Skipped: 0, Time elapsed: 0.046 sec - in org.apache.logging.log4j.core.config.AdvertiserTest
Running org.apache.logging.log4j.core.selector.ClassLoaderContextSelectorTest
Tests run: 1, Failures: 0, Errors: 0, Skipped: 0, Time elapsed: 0.282 sec - in org.apache.logging.log4j.core.selector.ClassLoaderContextSelectorTest
Running org.apache.logging.log4j.core.filter.RegexFilterTest
Tests run: 3, Failures: 0, Errors: 0, Skipped: 0, Time elapsed: 0.027 sec - in org.apache.logging.log4j.core.filter.RegexFilterTest
Running org.apache.logging.log4j.core.filter.TimeFilterTest
Tests run: 1, Failures: 0, Errors: 0, Skipped: 0, Time elapsed: 0.057 sec - in org.apache.logging.log4j.core.filter.TimeFilterTest
Running org.apache.logging.log4j.core.filter.DynamicThresholdFilterTest
Tests run: 2, Failures: 0, Errors: 0, Skipped: 0, Time elapsed: 0.323 sec - in org.apache.logging.log4j.core.filter.DynamicThresholdFilterTest
Running org.apache.logging.log4j.core.filter.BurstFilterTest
Tests run: 1, Failures: 0, Errors: 0, Skipped: 0, Time elapsed: 6.882 sec - in org.apache.logging.log4j.core.filter.BurstFilterTest
Running org.apache.logging.log4j.core.filter.ThreadContextMapFilterTest
Tests run: 1, Failures: 0, Errors: 0, Skipped: 0, Time elapsed: 0.036 sec - in org.apache.logging.log4j.core.filter.ThreadContextMapFilterTest
Running org.apache.logging.log4j.core.filter.ThresholdFilterTest
Tests run: 1, Failures: 0, Errors: 0, Skipped: 0, Time elapsed: 0.057 sec - in org.apache.logging.log4j.core.filter.ThresholdFilterTest
Running org.apache.logging.log4j.core.filter.DynamicThresholdFilterSerializationTest
Tests run: 6, Failures: 0, Errors: 0, Skipped: 0, Time elapsed: 0.142 sec - in org.apache.logging.log4j.core.filter.DynamicThresholdFilterSerializationTest
Running org.apache.logging.log4j.core.filter.MapFilterTest
Tests run: 2, Failures: 0, Errors: 0, Skipped: 0, Time elapsed: 0.395 sec - in org.apache.logging.log4j.core.filter.MapFilterTest
Running org.apache.logging.log4j.core.filter.MarkerFilterTest
Tests run: 1, Failures: 0, Errors: 0, Skipped: 0, Time elapsed: 0.038 sec - in org.apache.logging.log4j.core.filter.MarkerFilterTest
Running org.apache.logging.log4j.core.filter.StructuredDataFilterTest
Tests run: 2, Failures: 0, Errors: 0, Skipped: 0, Time elapsed: 0.282 sec - in org.apache.logging.log4j.core.filter.StructuredDataFilterTest
Running org.apache.logging.log4j.core.AppenderRefLevelJsonTest
Tests run: 3, Failures: 0, Errors: 0, Skipped: 0, Time elapsed: 0.013 sec - in org.apache.logging.log4j.core.AppenderRefLevelJsonTest
Running org.apache.logging.log4j.core.FileConfigTest
Tests run: 1, Failures: 0, Errors: 0, Skipped: 0, Time elapsed: 4.014 sec - in org.apache.logging.log4j.core.FileConfigTest
Running org.apache.logging.log4j.core.LateConfigTest
Tests run: 1, Failures: 0, Errors: 0, Skipped: 0, Time elapsed: 0.092 sec - in org.apache.logging.log4j.core.LateConfigTest
Running org.apache.logging.log4j.core.LoggerSerializationTest
Tests run: 1, Failures: 0, Errors: 0, Skipped: 1, Time elapsed: 0.002 sec - in org.apache.logging.log4j.core.LoggerSerializationTest
Running org.apache.logging.log4j.core.LoggerUpdateTest
Tests run: 1, Failures: 0, Errors: 0, Skipped: 0, Time elapsed: 0.013 sec - in org.apache.logging.log4j.core.LoggerUpdateTest
Running org.apache.logging.log4j.core.LevelTest
Tests run: 1, Failures: 0, Errors: 0, Skipped: 0, Time elapsed: 0.024 sec - in org.apache.logging.log4j.core.LevelTest
Running org.apache.logging.log4j.core.osgi.felix.FelixLoadCoreBundleTest
Tests run: 1, Failures: 0, Errors: 0, Skipped: 1, Time elapsed: 0.002 sec - in org.apache.logging.log4j.core.osgi.felix.FelixLoadCoreBundleTest
Running org.apache.logging.log4j.core.osgi.equinox.EquinoxLoadCoreBundleTest
Tests run: 1, Failures: 0, Errors: 0, Skipped: 1, Time elapsed: 0.001 sec - in org.apache.logging.log4j.core.osgi.equinox.EquinoxLoadCoreBundleTest
Running org.apache.logging.log4j.core.LogEventTest
Tests run: 1, Failures: 0, Errors: 0, Skipped: 0, Time elapsed: 0.154 sec - in org.apache.logging.log4j.core.LogEventTest
Running org.apache.logging.log4j.core.tools.GenerateCustomLoggerTest
Tests run: 1, Failures: 0, Errors: 0, Skipped: 0, Time elapsed: 0.905 sec - in org.apache.logging.log4j.core.tools.GenerateCustomLoggerTest
Running org.apache.logging.log4j.core.tools.GenerateExtendedLoggerTest
Tests run: 1, Failures: 0, Errors: 0, Skipped: 0, Time elapsed: 0.852 sec - in org.apache.logging.log4j.core.tools.GenerateExtendedLoggerTest
Running org.apache.logging.log4j.core.LookupTest
Tests run: 1, Failures: 0, Errors: 0, Skipped: 0, Time elapsed: 0.003 sec - in org.apache.logging.log4j.core.LookupTest
Running org.apache.logging.log4j.core.pattern.LevelPatternConverterTest
Tests run: 8, Failures: 0, Errors: 0, Skipped: 0, Time elapsed: 0.05 sec - in org.apache.logging.log4j.core.pattern.LevelPatternConverterTest
Running org.apache.logging.log4j.core.pattern.NameAbbreviatorTest
Tests run: 7, Failures: 0, Errors: 0, Skipped: 0, Time elapsed: 0.005 sec - in org.apache.logging.log4j.core.pattern.NameAbbreviatorTest
Running org.apache.logging.log4j.core.pattern.RootThrowableTest
Tests run: 1, Failures: 0, Errors: 0, Skipped: 0, Time elapsed: 0.019 sec - in org.apache.logging.log4j.core.pattern.RootThrowableTest
Running org.apache.logging.log4j.core.pattern.DatePatternConverterTest
Tests run: 9, Failures: 0, Errors: 0, Skipped: 0, Time elapsed: 0.052 sec - in org.apache.logging.log4j.core.pattern.DatePatternConverterTest
Running org.apache.logging.log4j.core.pattern.MessagePatternConverterTest
Tests run: 2, Failures: 0, Errors: 0, Skipped: 0, Time elapsed: 0.198 sec - in org.apache.logging.log4j.core.pattern.MessagePatternConverterTest
Running org.apache.logging.log4j.core.pattern.MarkerPatternConverterTest
Tests run: 1, Failures: 0, Errors: 0, Skipped: 0, Time elapsed: 0.046 sec - in org.apache.logging.log4j.core.pattern.MarkerPatternConverterTest
Running org.apache.logging.log4j.core.pattern.PatternParserTest
Tests run: 4, Failures: 0, Errors: 0, Skipped: 0, Time elapsed: 0.019 sec - in org.apache.logging.log4j.core.pattern.PatternParserTest
Running org.apache.logging.log4j.core.pattern.LiteralPatternConverterTest
Tests run: 2, Failures: 0, Errors: 0, Skipped: 0, Time elapsed: 0.02 sec - in org.apache.logging.log4j.core.pattern.LiteralPatternConverterTest
Running org.apache.logging.log4j.core.pattern.ExtendedThrowablePatternConverterTest
Tests run: 2, Failures: 0, Errors: 0, Skipped: 0, Time elapsed: 0.107 sec - in org.apache.logging.log4j.core.pattern.ExtendedThrowablePatternConverterTest
Running org.apache.logging.log4j.core.pattern.MapPatternConverterTest
Tests run: 2, Failures: 0, Errors: 0, Skipped: 0, Time elapsed: 0.04 sec - in org.apache.logging.log4j.core.pattern.MapPatternConverterTest
Running org.apache.logging.log4j.core.pattern.ThrowablePatternConverterTest
Tests run: 8, Failures: 0, Errors: 0, Skipped: 0, Time elapsed: 0.083 sec - in org.apache.logging.log4j.core.pattern.ThrowablePatternConverterTest
Running org.apache.logging.log4j.core.pattern.StyleConverterTest
Tests run: 1, Failures: 0, Errors: 0, Skipped: 0, Time elapsed: 0.294 sec - in org.apache.logging.log4j.core.pattern.StyleConverterTest
Running org.apache.logging.log4j.core.pattern.CallerInformationTest
Tests run: 2, Failures: 0, Errors: 0, Skipped: 0, Time elapsed: 0.012 sec - in org.apache.logging.log4j.core.pattern.CallerInformationTest
Running org.apache.logging.log4j.core.pattern.ExtendedThrowableTest
Tests run: 1, Failures: 0, Errors: 0, Skipped: 0, Time elapsed: 0.018 sec - in org.apache.logging.log4j.core.pattern.ExtendedThrowableTest
Running org.apache.logging.log4j.core.pattern.RegexReplacementConverterTest
Tests run: 1, Failures: 0, Errors: 0, Skipped: 0, Time elapsed: 0.216 sec - in org.apache.logging.log4j.core.pattern.RegexReplacementConverterTest
Running org.apache.logging.log4j.core.pattern.ThrowableTest
Tests run: 1, Failures: 0, Errors: 0, Skipped: 0, Time elapsed: 0.011 sec - in org.apache.logging.log4j.core.pattern.ThrowableTest
Running org.apache.logging.log4j.core.pattern.EncodingPatternConverterTest
Tests run: 1, Failures: 0, Errors: 0, Skipped: 0, Time elapsed: 0.226 sec - in org.apache.logging.log4j.core.pattern.EncodingPatternConverterTest
Running org.apache.logging.log4j.core.pattern.RegexReplacementTest
Tests run: 2, Failures: 0, Errors: 0, Skipped: 0, Time elapsed: 0.011 sec - in org.apache.logging.log4j.core.pattern.RegexReplacementTest
Running org.apache.logging.log4j.core.pattern.RootThrowablePatternConverterTest
Tests run: 2, Failures: 0, Errors: 0, Skipped: 0, Time elapsed: 0.048 sec - in org.apache.logging.log4j.core.pattern.RootThrowablePatternConverterTest
Running org.apache.logging.log4j.core.HostNameTest
Tests run: 1, Failures: 0, Errors: 0, Skipped: 0, Time elapsed: 0.021 sec - in org.apache.logging.log4j.core.HostNameTest
Running org.apache.logging.log4j.core.LoggerTest
Tests run: 16, Failures: 0, Errors: 0, Skipped: 0, Time elapsed: 2.142 sec - in org.apache.logging.log4j.core.LoggerTest
Running org.apache.logging.log4j.core.LoggerDateTest
Tests run: 1, Failures: 0, Errors: 0, Skipped: 0, Time elapsed: 0.004 sec - in org.apache.logging.log4j.core.LoggerDateTest
Running org.apache.logging.log4j.core.impl.Log4jLogEventTest
Tests run: 5, Failures: 0, Errors: 0, Skipped: 0, Time elapsed: 0.235 sec - in org.apache.logging.log4j.core.impl.Log4jLogEventTest
Running org.apache.logging.log4j.core.impl.ThrowableFormatOptionsTest
Tests run: 35, Failures: 0, Errors: 0, Skipped: 0, Time elapsed: 0.082 sec - in org.apache.logging.log4j.core.impl.ThrowableFormatOptionsTest
Running org.apache.logging.log4j.core.impl.ThrowableProxyTest
06:56:51.113 [main] ERROR org.apache.logging.log4j.core.impl.ThrowableProxyTest - I always throw an Error when initialized
java.lang.Error: I always throw an Error when initialized
	at org.apache.logging.log4j.core.impl.ThrowableProxyTest$AlwaysThrowsError.<clinit>(ThrowableProxyTest.java:51) ~[test-classes/:?]
	at org.apache.logging.log4j.core.impl.ThrowableProxyTest.testLogStackTraceWithClassThatCannotInitialize(ThrowableProxyTest.java:96) [test-classes/:?]
	at sun.reflect.NativeMethodAccessorImpl.invoke0(Native Method) ~[?:1.8.0_121]
	at sun.reflect.NativeMethodAccessorImpl.invoke(NativeMethodAccessorImpl.java:62) ~[?:1.8.0_121]
	at sun.reflect.DelegatingMethodAccessorImpl.invoke(DelegatingMethodAccessorImpl.java:43) ~[?:1.8.0_121]
	at java.lang.reflect.Method.invoke(Method.java:498) ~[?:1.8.0_121]
	at org.junit.runners.model.FrameworkMethod$1.runReflectiveCall(FrameworkMethod.java:47) [junit-4.11.jar:?]
	at org.junit.internal.runners.model.ReflectiveCallable.run(ReflectiveCallable.java:12) [junit-4.11.jar:?]
	at org.junit.runners.model.FrameworkMethod.invokeExplosively(FrameworkMethod.java:44) [junit-4.11.jar:?]
	at org.junit.internal.runners.statements.InvokeMethod.evaluate(InvokeMethod.java:17) [junit-4.11.jar:?]
	at org.junit.runners.ParentRunner.runLeaf(ParentRunner.java:271) [junit-4.11.jar:?]
	at org.junit.runners.BlockJUnit4ClassRunner.runChild(BlockJUnit4ClassRunner.java:70) [junit-4.11.jar:?]
	at org.junit.runners.BlockJUnit4ClassRunner.runChild(BlockJUnit4ClassRunner.java:50) [junit-4.11.jar:?]
	at org.junit.runners.ParentRunner$3.run(ParentRunner.java:238) [junit-4.11.jar:?]
	at org.junit.runners.ParentRunner$1.schedule(ParentRunner.java:63) [junit-4.11.jar:?]
	at org.junit.runners.ParentRunner.runChildren(ParentRunner.java:236) [junit-4.11.jar:?]
	at org.junit.runners.ParentRunner.access$000(ParentRunner.java:53) [junit-4.11.jar:?]
	at org.junit.runners.ParentRunner$2.evaluate(ParentRunner.java:229) [junit-4.11.jar:?]
	at org.junit.runners.ParentRunner.run(ParentRunner.java:309) [junit-4.11.jar:?]
	at org.junit.runners.Suite.runChild(Suite.java:127) [junit-4.11.jar:?]
	at org.junit.runners.Suite.runChild(Suite.java:26) [junit-4.11.jar:?]
	at org.junit.runners.ParentRunner$3.run(ParentRunner.java:238) [junit-4.11.jar:?]
	at org.junit.runners.ParentRunner$1.schedule(ParentRunner.java:63) [junit-4.11.jar:?]
	at org.junit.runners.ParentRunner.runChildren(ParentRunner.java:236) [junit-4.11.jar:?]
	at org.junit.runners.ParentRunner.access$000(ParentRunner.java:53) [junit-4.11.jar:?]
	at org.junit.runners.ParentRunner$2.evaluate(ParentRunner.java:229) [junit-4.11.jar:?]
	at org.junit.runners.ParentRunner.run(ParentRunner.java:309) [junit-4.11.jar:?]
	at org.junit.runner.JUnitCore.run(JUnitCore.java:160) [junit-4.11.jar:?]
	at org.junit.runner.JUnitCore.run(JUnitCore.java:138) [junit-4.11.jar:?]
	at org.apache.maven.surefire.junitcore.JUnitCoreWrapper.createRequestAndRun(JUnitCoreWrapper.java:113) [surefire-junit47-2.17.jar:2.17]
	at org.apache.maven.surefire.junitcore.JUnitCoreWrapper.executeEager(JUnitCoreWrapper.java:85) [surefire-junit47-2.17.jar:2.17]
	at org.apache.maven.surefire.junitcore.JUnitCoreWrapper.execute(JUnitCoreWrapper.java:54) [surefire-junit47-2.17.jar:2.17]
	at org.apache.maven.surefire.junitcore.JUnitCoreProvider.invoke(JUnitCoreProvider.java:134) [surefire-junit47-2.17.jar:2.17]
	at org.apache.maven.surefire.booter.ForkedBooter.invokeProviderInSameClassLoader(ForkedBooter.java:200) [surefire-booter-2.17.jar:2.17]
	at org.apache.maven.surefire.booter.ForkedBooter.runSuitesInProcess(ForkedBooter.java:153) [surefire-booter-2.17.jar:2.17]
	at org.apache.maven.surefire.booter.ForkedBooter.main(ForkedBooter.java:103) [surefire-booter-2.17.jar:2.17]
06:56:51.116 [main] ERROR org.apache.logging.log4j.core.impl.ThrowableProxyTest - java.lang.Error: I always throw an Error when initialized
Tests run: 7, Failures: 0, Errors: 0, Skipped: 0, Time elapsed: 0.559 sec - in org.apache.logging.log4j.core.impl.ThrowableProxyTest
Running org.apache.logging.log4j.core.AppenderRefLevelTest
Tests run: 3, Failures: 0, Errors: 0, Skipped: 0, Time elapsed: 0.01 sec - in org.apache.logging.log4j.core.AppenderRefLevelTest
Running org.apache.logging.log4j.core.CollectionLoggingTest
Tests run: 4, Failures: 0, Errors: 0, Skipped: 0, Time elapsed: 0.06 sec - in org.apache.logging.log4j.core.CollectionLoggingTest
Running org.apache.logging.log4j.core.layout.PatternLayoutTest
Tests run: 13, Failures: 0, Errors: 0, Skipped: 0, Time elapsed: 0.013 sec - in org.apache.logging.log4j.core.layout.PatternLayoutTest
Running org.apache.logging.log4j.core.layout.XmlLayoutTest
Tests run: 6, Failures: 0, Errors: 0, Skipped: 0, Time elapsed: 0.439 sec - in org.apache.logging.log4j.core.layout.XmlLayoutTest
Running org.apache.logging.log4j.core.layout.Rfc5424LayoutTest
Tests run: 8, Failures: 0, Errors: 0, Skipped: 0, Time elapsed: 0.046 sec - in org.apache.logging.log4j.core.layout.Rfc5424LayoutTest
Running org.apache.logging.log4j.core.layout.SyslogLayoutTest
Tests run: 1, Failures: 0, Errors: 0, Skipped: 0, Time elapsed: 0.014 sec - in org.apache.logging.log4j.core.layout.SyslogLayoutTest
Running org.apache.logging.log4j.core.layout.HtmlLayoutTest
Tests run: 5, Failures: 0, Errors: 0, Skipped: 0, Time elapsed: 0.018 sec - in org.apache.logging.log4j.core.layout.HtmlLayoutTest
Running org.apache.logging.log4j.core.layout.GelfLayoutTest
Tests run: 3, Failures: 0, Errors: 0, Skipped: 0, Time elapsed: 0.225 sec - in org.apache.logging.log4j.core.layout.GelfLayoutTest
Running org.apache.logging.log4j.core.layout.JsonLayoutTest
Tests run: 8, Failures: 0, Errors: 0, Skipped: 0, Time elapsed: 0.444 sec - in org.apache.logging.log4j.core.layout.JsonLayoutTest
Running org.apache.logging.log4j.core.layout.SerializedLayoutTest
Tests run: 3, Failures: 0, Errors: 0, Skipped: 0, Time elapsed: 0.137 sec - in org.apache.logging.log4j.core.layout.SerializedLayoutTest
Running org.apache.logging.log4j.core.jackson.StackTraceElementMixInTest
Tests run: 4, Failures: 0, Errors: 0, Skipped: 0, Time elapsed: 0.304 sec - in org.apache.logging.log4j.core.jackson.StackTraceElementMixInTest
Running org.apache.logging.log4j.core.jackson.LevelMixInTest
Tests run: 2, Failures: 0, Errors: 0, Skipped: 0, Time elapsed: 0.232 sec - in org.apache.logging.log4j.core.jackson.LevelMixInTest
Running org.apache.logging.log4j.core.jackson.JacksonIssue429MyNamesTest
Tests run: 1, Failures: 0, Errors: 0, Skipped: 0, Time elapsed: 0.056 sec - in org.apache.logging.log4j.core.jackson.JacksonIssue429MyNamesTest
Running org.apache.logging.log4j.core.jackson.JacksonIssue429Test
Tests run: 1, Failures: 0, Errors: 0, Skipped: 0, Time elapsed: 0.052 sec - in org.apache.logging.log4j.core.jackson.JacksonIssue429Test
Running org.apache.logging.log4j.core.ExtendedLevelTest
Tests run: 1, Failures: 0, Errors: 0, Skipped: 0, Time elapsed: 0.018 sec - in org.apache.logging.log4j.core.ExtendedLevelTest
Running org.apache.logging.log4j.core.async.AsyncLoggerConfigTest
Tests run: 1, Failures: 0, Errors: 0, Skipped: 0, Time elapsed: 0.379 sec - in org.apache.logging.log4j.core.async.AsyncLoggerConfigTest
Running org.apache.logging.log4j.core.async.AsyncRootReloadTest
2017-10-12 06:57:01,753 DEBUG Starting LoggerContext[name=325040804] from configuration at classpath:LOG4J2-807.xml
2017-10-12 06:57:01,754 DEBUG Starting LoggerContext[name=325040804, org.apache.logging.log4j.core.LoggerContext@35bbe5e8] with configuration XmlConfiguration[location=/home/artefact/tests/Results/log4j-core/log4j-core/target/test-classes/LOG4J2-807.xml]...
2017-10-12 06:57:01,755 DEBUG Shutdown hook enabled. Registering a new one.
2017-10-12 06:57:01,759 DEBUG Starting configuration XmlConfiguration[location=/home/artefact/tests/Results/log4j-core/log4j-core/target/test-classes/LOG4J2-807.xml]
2017-10-12 06:57:01,760 DEBUG PluginManager 'Core' found 76 plugins
2017-10-12 06:57:01,760 DEBUG PluginManager 'Level' found 1 plugins
2017-10-12 06:57:01,762 DEBUG PluginManager 'Lookup' found 10 plugins
2017-10-12 06:57:01,764 DEBUG Building Plugin[name=layout, class=org.apache.logging.log4j.core.layout.PatternLayout]. Searching for builder factory method...
2017-10-12 06:57:01,767 DEBUG Found builder factory method [newBuilder]: public static org.apache.logging.log4j.core.layout.PatternLayout$Builder org.apache.logging.log4j.core.layout.PatternLayout.newBuilder().
2017-10-12 06:57:01,779 DEBUG TypeConverterRegistry initializing.
2017-10-12 06:57:01,779 DEBUG PluginManager 'TypeConverter' found 21 plugins
2017-10-12 06:57:01,790 DEBUG Calling build() on class class org.apache.logging.log4j.core.layout.PatternLayout$Builder for element PatternLayout with params(pattern="%d %-5p [%c{1.}] %m%n", Configuration(asynRootConfig), null, charset="null", alwaysWriteExceptions="null", noConsoleNoAnsi="null", header="null", footer="null")
2017-10-12 06:57:01,791 DEBUG PluginManager 'Converter' found 33 plugins
2017-10-12 06:57:01,792 DEBUG Built Plugin[name=layout] OK from builder factory method.
2017-10-12 06:57:01,792 DEBUG Building Plugin[name=appender, class=org.apache.logging.log4j.core.appender.RandomAccessFileAppender]. Searching for builder factory method...
2017-10-12 06:57:01,795 DEBUG No builder factory method found in class org.apache.logging.log4j.core.appender.RandomAccessFileAppender. Going to try finding a factory method instead.
2017-10-12 06:57:01,795 DEBUG Still building Plugin[name=appender, class=org.apache.logging.log4j.core.appender.RandomAccessFileAppender]. Searching for factory method...
2017-10-12 06:57:01,795 DEBUG Found factory method [createAppender]: public static org.apache.logging.log4j.core.appender.RandomAccessFileAppender org.apache.logging.log4j.core.appender.RandomAccessFileAppender.createAppender(java.lang.String,java.lang.String,java.lang.String,java.lang.String,java.lang.String,java.lang.String,org.apache.logging.log4j.core.Layout,org.apache.logging.log4j.core.Filter,java.lang.String,java.lang.String,org.apache.logging.log4j.core.config.Configuration).
2017-10-12 06:57:01,801 DEBUG Calling createAppender on class org.apache.logging.log4j.core.appender.RandomAccessFileAppender for element RandomAccessFile with params(fileName="target/LOG4J2-807.log", append="true", name="FILE_APPENDER", immediateFlush="false", bufferSize="null", ignoreExceptions="null", PatternLayout(%d %-5p [%c{1.}] %m%n), null, advertise="null", advertiseURI="null", Configuration(asynRootConfig))
2017-10-12 06:57:01,803 DEBUG Starting RandomAccessFileManager target/LOG4J2-807.log
2017-10-12 06:57:01,804 DEBUG Built Plugin[name=appender] OK from factory method.
2017-10-12 06:57:01,804 DEBUG Building Plugin[name=appenders, class=org.apache.logging.log4j.core.config.AppendersPlugin]. Searching for builder factory method...
2017-10-12 06:57:01,804 DEBUG No builder factory method found in class org.apache.logging.log4j.core.config.AppendersPlugin. Going to try finding a factory method instead.
2017-10-12 06:57:01,805 DEBUG Still building Plugin[name=appenders, class=org.apache.logging.log4j.core.config.AppendersPlugin]. Searching for factory method...
2017-10-12 06:57:01,805 DEBUG Found factory method [createAppenders]: public static java.util.concurrent.ConcurrentMap org.apache.logging.log4j.core.config.AppendersPlugin.createAppenders(org.apache.logging.log4j.core.Appender[]).
2017-10-12 06:57:01,805 DEBUG Calling createAppenders on class org.apache.logging.log4j.core.config.AppendersPlugin for element Appenders with params(={FILE_APPENDER})
2017-10-12 06:57:01,806 DEBUG Built Plugin[name=appenders] OK from factory method.
2017-10-12 06:57:01,806 DEBUG Building Plugin[name=AppenderRef, class=org.apache.logging.log4j.core.config.AppenderRef]. Searching for builder factory method...
2017-10-12 06:57:01,807 DEBUG No builder factory method found in class org.apache.logging.log4j.core.config.AppenderRef. Going to try finding a factory method instead.
2017-10-12 06:57:01,807 DEBUG Still building Plugin[name=AppenderRef, class=org.apache.logging.log4j.core.config.AppenderRef]. Searching for factory method...
2017-10-12 06:57:01,807 DEBUG Found factory method [createAppenderRef]: public static org.apache.logging.log4j.core.config.AppenderRef org.apache.logging.log4j.core.config.AppenderRef.createAppenderRef(java.lang.String,org.apache.logging.log4j.Level,org.apache.logging.log4j.core.Filter).
2017-10-12 06:57:01,808 DEBUG Calling createAppenderRef on class org.apache.logging.log4j.core.config.AppenderRef for element AppenderRef with params(ref="FILE_APPENDER", level="null", null)
2017-10-12 06:57:01,808 DEBUG Built Plugin[name=AppenderRef] OK from factory method.
2017-10-12 06:57:01,808 DEBUG Building Plugin[name=asyncRoot, class=org.apache.logging.log4j.core.async.AsyncLoggerConfig$RootLogger]. Searching for builder factory method...
2017-10-12 06:57:01,809 DEBUG No builder factory method found in class org.apache.logging.log4j.core.async.AsyncLoggerConfig$RootLogger. Going to try finding a factory method instead.
2017-10-12 06:57:01,809 DEBUG Still building Plugin[name=asyncRoot, class=org.apache.logging.log4j.core.async.AsyncLoggerConfig$RootLogger]. Searching for factory method...
2017-10-12 06:57:01,809 DEBUG Found factory method [createLogger]: public static org.apache.logging.log4j.core.config.LoggerConfig org.apache.logging.log4j.core.async.AsyncLoggerConfig$RootLogger.createLogger(java.lang.String,java.lang.String,java.lang.String,org.apache.logging.log4j.core.config.AppenderRef[],org.apache.logging.log4j.core.config.Property[],org.apache.logging.log4j.core.config.Configuration,org.apache.logging.log4j.core.Filter).
2017-10-12 06:57:01,810 DEBUG Calling createLogger on class org.apache.logging.log4j.core.async.AsyncLoggerConfig$RootLogger for element asyncRoot with params(additivity="null", level="debug", includeLocation="null", ={FILE_APPENDER}, ={}, Configuration(asynRootConfig), null)
2017-10-12 06:57:01,811 DEBUG Built Plugin[name=asyncRoot] OK from factory method.
2017-10-12 06:57:01,811 DEBUG Building Plugin[name=loggers, class=org.apache.logging.log4j.core.config.LoggersPlugin]. Searching for builder factory method...
2017-10-12 06:57:01,812 DEBUG No builder factory method found in class org.apache.logging.log4j.core.config.LoggersPlugin. Going to try finding a factory method instead.
2017-10-12 06:57:01,812 DEBUG Still building Plugin[name=loggers, class=org.apache.logging.log4j.core.config.LoggersPlugin]. Searching for factory method...
2017-10-12 06:57:01,812 DEBUG Found factory method [createLoggers]: public static org.apache.logging.log4j.core.config.Loggers org.apache.logging.log4j.core.config.LoggersPlugin.createLoggers(org.apache.logging.log4j.core.config.LoggerConfig[]).
2017-10-12 06:57:01,813 DEBUG Calling createLoggers on class org.apache.logging.log4j.core.config.LoggersPlugin for element Loggers with params(={root})
2017-10-12 06:57:01,813 DEBUG Built Plugin[name=loggers] OK from factory method.
2017-10-12 06:57:01,816 DEBUG property AsyncLoggerConfig.WaitStrategy=null
2017-10-12 06:57:01,817 DEBUG disruptor event handler uses BlockingWaitStrategy
2017-10-12 06:57:01,864 DEBUG Starting AsyncLoggerConfig disruptor with ringbuffer size=262144, waitStrategy=BlockingWaitStrategy, exceptionHandler=null...
2017-10-12 06:57:01,865 DEBUG Started configuration XmlConfiguration[location=/home/artefact/tests/Results/log4j-core/log4j-core/target/test-classes/LOG4J2-807.xml] OK.
2017-10-12 06:57:01,865 DEBUG Shutting down OutputStreamManager SYSTEM_OUT
2017-10-12 06:57:01,866 DEBUG Stopped org.apache.logging.log4j.core.config.DefaultConfiguration@234bef66 OK
2017-10-12 06:57:01,921 DEBUG Registering MBean org.apache.logging.log4j2:type=325040804
2017-10-12 06:57:01,924 DEBUG Registering MBean org.apache.logging.log4j2:type=325040804,component=StatusLogger
2017-10-12 06:57:01,925 DEBUG Registering MBean org.apache.logging.log4j2:type=325040804,component=ContextSelector
2017-10-12 06:57:01,926 DEBUG Registering MBean org.apache.logging.log4j2:type=325040804,component=Loggers,name=
2017-10-12 06:57:01,927 DEBUG Registering MBean org.apache.logging.log4j2:type=325040804,component=Loggers,name=,subtype=RingBuffer
2017-10-12 06:57:01,928 DEBUG Registering MBean org.apache.logging.log4j2:type=325040804,component=Appenders,name=FILE_APPENDER
2017-10-12 06:57:01,929 DEBUG LoggerContext[name=325040804, org.apache.logging.log4j.core.LoggerContext@35bbe5e8] started OK with configuration XmlConfiguration[location=/home/artefact/tests/Results/log4j-core/log4j-core/target/test-classes/LOG4J2-807.xml].
2017-10-12 06:57:01,933 DEBUG Using default SystemClock for timestamps
2017-10-12 06:57:08,944 DEBUG Reconfiguration started for context 325040804 (org.apache.logging.log4j.core.LoggerContext@35bbe5e8)
2017-10-12 06:57:08,951 DEBUG Not in a ServletContext environment, thus not loading WebLookup plugin.
2017-10-12 06:57:08,959 DEBUG Starting configuration XmlConfiguration[location=/home/artefact/tests/Results/log4j-core/log4j-core/target/test-classes/LOG4J2-807.xml]
2017-10-12 06:57:08,959 DEBUG PluginManager 'Core' found 76 plugins
2017-10-12 06:57:08,960 DEBUG PluginManager 'Level' found 1 plugins
2017-10-12 06:57:08,961 DEBUG PluginManager 'Lookup' found 10 plugins
2017-10-12 06:57:08,961 DEBUG Building Plugin[name=layout, class=org.apache.logging.log4j.core.layout.PatternLayout]. Searching for builder factory method...
2017-10-12 06:57:08,962 DEBUG Found builder factory method [newBuilder]: public static org.apache.logging.log4j.core.layout.PatternLayout$Builder org.apache.logging.log4j.core.layout.PatternLayout.newBuilder().
2017-10-12 06:57:08,962 DEBUG Calling build() on class class org.apache.logging.log4j.core.layout.PatternLayout$Builder for element PatternLayout with params(pattern="%d %-5p [%c{1.}] %m%n", Configuration(asynRootConfig), null, charset="null", alwaysWriteExceptions="null", noConsoleNoAnsi="null", header="null", footer="null")
2017-10-12 06:57:08,963 DEBUG PluginManager 'Converter' found 33 plugins
2017-10-12 06:57:08,968 DEBUG Built Plugin[name=layout] OK from builder factory method.
2017-10-12 06:57:08,968 DEBUG Building Plugin[name=appender, class=org.apache.logging.log4j.core.appender.RandomAccessFileAppender]. Searching for builder factory method...
2017-10-12 06:57:08,969 DEBUG No builder factory method found in class org.apache.logging.log4j.core.appender.RandomAccessFileAppender. Going to try finding a factory method instead.
2017-10-12 06:57:08,969 DEBUG Still building Plugin[name=appender, class=org.apache.logging.log4j.core.appender.RandomAccessFileAppender]. Searching for factory method...
2017-10-12 06:57:08,969 DEBUG Found factory method [createAppender]: public static org.apache.logging.log4j.core.appender.RandomAccessFileAppender org.apache.logging.log4j.core.appender.RandomAccessFileAppender.createAppender(java.lang.String,java.lang.String,java.lang.String,java.lang.String,java.lang.String,java.lang.String,org.apache.logging.log4j.core.Layout,org.apache.logging.log4j.core.Filter,java.lang.String,java.lang.String,org.apache.logging.log4j.core.config.Configuration).
2017-10-12 06:57:08,981 DEBUG Calling createAppender on class org.apache.logging.log4j.core.appender.RandomAccessFileAppender for element RandomAccessFile with params(fileName="target/LOG4J2-807.log", append="true", name="FILE_APPENDER", immediateFlush="false", bufferSize="null", ignoreExceptions="null", PatternLayout(%d %-5p [%c{1.}] %m%n), null, advertise="null", advertiseURI="null", Configuration(asynRootConfig))
2017-10-12 06:57:08,981 DEBUG Built Plugin[name=appender] OK from factory method.
2017-10-12 06:57:08,982 DEBUG Building Plugin[name=appenders, class=org.apache.logging.log4j.core.config.AppendersPlugin]. Searching for builder factory method...
2017-10-12 06:57:08,982 DEBUG No builder factory method found in class org.apache.logging.log4j.core.config.AppendersPlugin. Going to try finding a factory method instead.
2017-10-12 06:57:08,982 DEBUG Still building Plugin[name=appenders, class=org.apache.logging.log4j.core.config.AppendersPlugin]. Searching for factory method...
2017-10-12 06:57:08,983 DEBUG Found factory method [createAppenders]: public static java.util.concurrent.ConcurrentMap org.apache.logging.log4j.core.config.AppendersPlugin.createAppenders(org.apache.logging.log4j.core.Appender[]).
2017-10-12 06:57:08,983 DEBUG Calling createAppenders on class org.apache.logging.log4j.core.config.AppendersPlugin for element Appenders with params(={FILE_APPENDER})
2017-10-12 06:57:08,983 DEBUG Built Plugin[name=appenders] OK from factory method.
2017-10-12 06:57:08,984 DEBUG Building Plugin[name=AppenderRef, class=org.apache.logging.log4j.core.config.AppenderRef]. Searching for builder factory method...
2017-10-12 06:57:08,984 DEBUG No builder factory method found in class org.apache.logging.log4j.core.config.AppenderRef. Going to try finding a factory method instead.
2017-10-12 06:57:08,984 DEBUG Still building Plugin[name=AppenderRef, class=org.apache.logging.log4j.core.config.AppenderRef]. Searching for factory method...
2017-10-12 06:57:08,985 DEBUG Found factory method [createAppenderRef]: public static org.apache.logging.log4j.core.config.AppenderRef org.apache.logging.log4j.core.config.AppenderRef.createAppenderRef(java.lang.String,org.apache.logging.log4j.Level,org.apache.logging.log4j.core.Filter).
2017-10-12 06:57:08,985 DEBUG Calling createAppenderRef on class org.apache.logging.log4j.core.config.AppenderRef for element AppenderRef with params(ref="FILE_APPENDER", level="null", null)
2017-10-12 06:57:08,985 DEBUG Built Plugin[name=AppenderRef] OK from factory method.
2017-10-12 06:57:08,986 DEBUG Building Plugin[name=asyncRoot, class=org.apache.logging.log4j.core.async.AsyncLoggerConfig$RootLogger]. Searching for builder factory method...
2017-10-12 06:57:08,986 DEBUG No builder factory method found in class org.apache.logging.log4j.core.async.AsyncLoggerConfig$RootLogger. Going to try finding a factory method instead.
2017-10-12 06:57:08,986 DEBUG Still building Plugin[name=asyncRoot, class=org.apache.logging.log4j.core.async.AsyncLoggerConfig$RootLogger]. Searching for factory method...
2017-10-12 06:57:08,987 DEBUG Found factory method [createLogger]: public static org.apache.logging.log4j.core.config.LoggerConfig org.apache.logging.log4j.core.async.AsyncLoggerConfig$RootLogger.createLogger(java.lang.String,java.lang.String,java.lang.String,org.apache.logging.log4j.core.config.AppenderRef[],org.apache.logging.log4j.core.config.Property[],org.apache.logging.log4j.core.config.Configuration,org.apache.logging.log4j.core.Filter).
2017-10-12 06:57:08,991 DEBUG Calling createLogger on class org.apache.logging.log4j.core.async.AsyncLoggerConfig$RootLogger for element asyncRoot with params(additivity="null", level="debug", includeLocation="null", ={FILE_APPENDER}, ={}, Configuration(asynRootConfig), null)
2017-10-12 06:57:08,992 DEBUG Built Plugin[name=asyncRoot] OK from factory method.
2017-10-12 06:57:08,993 DEBUG Building Plugin[name=loggers, class=org.apache.logging.log4j.core.config.LoggersPlugin]. Searching for builder factory method...
2017-10-12 06:57:08,993 DEBUG No builder factory method found in class org.apache.logging.log4j.core.config.LoggersPlugin. Going to try finding a factory method instead.
2017-10-12 06:57:08,993 DEBUG Still building Plugin[name=loggers, class=org.apache.logging.log4j.core.config.LoggersPlugin]. Searching for factory method...
2017-10-12 06:57:08,994 DEBUG Found factory method [createLoggers]: public static org.apache.logging.log4j.core.config.Loggers org.apache.logging.log4j.core.config.LoggersPlugin.createLoggers(org.apache.logging.log4j.core.config.LoggerConfig[]).
2017-10-12 06:57:08,994 DEBUG Calling createLoggers on class org.apache.logging.log4j.core.config.LoggersPlugin for element Loggers with params(={root})
2017-10-12 06:57:08,995 DEBUG Built Plugin[name=loggers] OK from factory method.
2017-10-12 06:57:08,995 DEBUG Started configuration XmlConfiguration[location=/home/artefact/tests/Results/log4j-core/log4j-core/target/test-classes/LOG4J2-807.xml] OK.
2017-10-12 06:57:08,995 DEBUG Stopped XmlConfiguration[location=/home/artefact/tests/Results/log4j-core/log4j-core/target/test-classes/LOG4J2-807.xml] OK
2017-10-12 06:57:08,998 DEBUG Unregistering MBean org.apache.logging.log4j2:type=325040804
2017-10-12 06:57:08,999 DEBUG Unregistering MBean org.apache.logging.log4j2:type=325040804,component=StatusLogger
2017-10-12 06:57:08,999 DEBUG Unregistering MBean org.apache.logging.log4j2:type=325040804,component=ContextSelector
2017-10-12 06:57:09,001 DEBUG Unregistering MBean org.apache.logging.log4j2:type=325040804,component=Loggers,name=
2017-10-12 06:57:09,002 DEBUG Unregistering MBean org.apache.logging.log4j2:type=325040804,component=Appenders,name=FILE_APPENDER
2017-10-12 06:57:09,003 DEBUG Unregistering MBean org.apache.logging.log4j2:type=325040804,component=Loggers,name=,subtype=RingBuffer
2017-10-12 06:57:09,004 DEBUG Registering MBean org.apache.logging.log4j2:type=325040804
2017-10-12 06:57:09,004 DEBUG Registering MBean org.apache.logging.log4j2:type=325040804,component=StatusLogger
2017-10-12 06:57:09,004 DEBUG Registering MBean org.apache.logging.log4j2:type=325040804,component=ContextSelector
2017-10-12 06:57:09,005 DEBUG Registering MBean org.apache.logging.log4j2:type=325040804,component=Loggers,name=
2017-10-12 06:57:09,006 DEBUG Registering MBean org.apache.logging.log4j2:type=325040804,component=Loggers,name=,subtype=RingBuffer
2017-10-12 06:57:09,006 DEBUG Registering MBean org.apache.logging.log4j2:type=325040804,component=Appenders,name=FILE_APPENDER
2017-10-12 06:57:09,006 DEBUG Reconfiguration completed for 325040804 (org.apache.logging.log4j.core.LoggerContext@35bbe5e8)
2017-10-12 06:57:11,945 DEBUG Stopping LoggerContext[name=325040804, org.apache.logging.log4j.core.LoggerContext@35bbe5e8]...
2017-10-12 06:57:11,946 DEBUG Unregistering MBean org.apache.logging.log4j2:type=325040804
2017-10-12 06:57:11,946 DEBUG Unregistering MBean org.apache.logging.log4j2:type=325040804,component=StatusLogger
2017-10-12 06:57:11,947 DEBUG Unregistering MBean org.apache.logging.log4j2:type=325040804,component=ContextSelector
2017-10-12 06:57:11,947 DEBUG Unregistering MBean org.apache.logging.log4j2:type=325040804,component=Loggers,name=
2017-10-12 06:57:11,948 DEBUG Unregistering MBean org.apache.logging.log4j2:type=325040804,component=Appenders,name=FILE_APPENDER
2017-10-12 06:57:11,948 DEBUG Unregistering MBean org.apache.logging.log4j2:type=325040804,component=Loggers,name=,subtype=RingBuffer
2017-10-12 06:57:11,949 DEBUG Shutting down RandomAccessFileManager target/LOG4J2-807.log
2017-10-12 06:57:11,949 DEBUG Stopped XmlConfiguration[location=/home/artefact/tests/Results/log4j-core/log4j-core/target/test-classes/LOG4J2-807.xml] OK
2017-10-12 06:57:11,950 DEBUG Stopped LoggerContext[name=325040804, org.apache.logging.log4j.core.LoggerContext@35bbe5e8]...
Tests run: 1, Failures: 0, Errors: 0, Skipped: 0, Time elapsed: 10.449 sec - in org.apache.logging.log4j.core.async.AsyncRootReloadTest
Running org.apache.logging.log4j.core.async.AsyncLoggerConfigUseAfterShutdownTest
Tests run: 1, Failures: 0, Errors: 0, Skipped: 0, Time elapsed: 0.336 sec - in org.apache.logging.log4j.core.async.AsyncLoggerConfigUseAfterShutdownTest
Running org.apache.logging.log4j.core.async.AsyncLoggerThreadContextTest
Tests run: 1, Failures: 0, Errors: 0, Skipped: 0, Time elapsed: 0.367 sec - in org.apache.logging.log4j.core.async.AsyncLoggerThreadContextTest
Running org.apache.logging.log4j.core.async.AsyncLoggerUseAfterShutdownTest
2017-10-12 06:57:13,832 FATAL Ignoring log event after log4j was shut down
Tests run: 1, Failures: 0, Errors: 0, Skipped: 0, Time elapsed: 0.34 sec - in org.apache.logging.log4j.core.async.AsyncLoggerUseAfterShutdownTest
Running org.apache.logging.log4j.core.async.AsyncLoggerContextTest
Tests run: 1, Failures: 0, Errors: 0, Skipped: 0, Time elapsed: 0.316 sec - in org.apache.logging.log4j.core.async.AsyncLoggerContextTest
Running org.apache.logging.log4j.core.async.AsyncLoggerContextSelectorTest
Tests run: 4, Failures: 0, Errors: 0, Skipped: 0, Time elapsed: 0.126 sec - in org.apache.logging.log4j.core.async.AsyncLoggerContextSelectorTest
Running org.apache.logging.log4j.core.async.AsyncLoggerConfigAutoFlushTest
Tests run: 1, Failures: 0, Errors: 0, Skipped: 0, Time elapsed: 0.336 sec - in org.apache.logging.log4j.core.async.AsyncLoggerConfigAutoFlushTest
Running org.apache.logging.log4j.core.async.AsyncLoggerTest
Tests run: 1, Failures: 0, Errors: 0, Skipped: 0, Time elapsed: 0.341 sec - in org.apache.logging.log4j.core.async.AsyncLoggerTest
Running org.apache.logging.log4j.core.async.RingBufferLogEventTest
Tests run: 5, Failures: 0, Errors: 0, Skipped: 0, Time elapsed: 0.124 sec - in org.apache.logging.log4j.core.async.RingBufferLogEventTest
Running org.apache.logging.log4j.core.async.AsyncLoggerTimestampMessageTest
Tests run: 1, Failures: 0, Errors: 0, Skipped: 0, Time elapsed: 0.411 sec - in org.apache.logging.log4j.core.async.AsyncLoggerTimestampMessageTest
Running org.apache.logging.log4j.core.async.AsyncLoggersWithAsyncLoggerConfigTest
2017-10-12 06:57:17,746 ERROR No log4j2 configuration file found. Using default configuration: logging only errors to the console.
Tests run: 1, Failures: 0, Errors: 0, Skipped: 0, Time elapsed: 0.127 sec - in org.apache.logging.log4j.core.async.AsyncLoggersWithAsyncLoggerConfigTest
Running org.apache.logging.log4j.core.async.AsyncLoggerThreadNameStrategyTest
Tests run: 5, Failures: 0, Errors: 0, Skipped: 0, Time elapsed: 0.069 sec - in org.apache.logging.log4j.core.async.AsyncLoggerThreadNameStrategyTest
Running org.apache.logging.log4j.core.async.AsyncLoggerLocationTest
Tests run: 1, Failures: 0, Errors: 0, Skipped: 0, Time elapsed: 0.477 sec - in org.apache.logging.log4j.core.async.AsyncLoggerLocationTest
2017-10-12 06:57:19,345 ERROR Unable to set up error Appender. No appender named STDOUT was configured
Running org.apache.logging.log4j.core.async.AsyncLoggersWithAsyncAppenderTest
2017-10-12 06:57:19,563 ERROR No log4j2 configuration file found. Using default configuration: logging only errors to the console.
Tests run: 1, Failures: 0, Errors: 0, Skipped: 0, Time elapsed: 0.125 sec - in org.apache.logging.log4j.core.async.AsyncLoggersWithAsyncAppenderTest
Running org.apache.logging.log4j.core.BasicLoggingTest
06:57:20.078 [main] ERROR org.apache.logging.log4j.core.BasicLoggingTest - Test message
Tests run: 1, Failures: 0, Errors: 0, Skipped: 0, Time elapsed: 0.257 sec - in org.apache.logging.log4j.core.BasicLoggingTest
Running org.apache.logging.log4j.core.StrictXmlConfigTest
Tests run: 9, Failures: 0, Errors: 0, Skipped: 0, Time elapsed: 0.02 sec - in org.apache.logging.log4j.core.StrictXmlConfigTest
Running org.apache.logging.log4j.core.util.ClockFactoryTest
Tests run: 8, Failures: 0, Errors: 0, Skipped: 0, Time elapsed: 0.079 sec - in org.apache.logging.log4j.core.util.ClockFactoryTest
Running org.apache.logging.log4j.core.util.UuidTest
Elapsed for 2000 UUIDS = 170759809 Average = 85379 ns
Elapsed for 200 UUIDS = 19587 Average = 97 ns
Tests run: 2, Failures: 0, Errors: 0, Skipped: 0, Time elapsed: 0.055 sec - in org.apache.logging.log4j.core.util.UuidTest
Running org.apache.logging.log4j.core.util.ShutdownCallbackRegistryTest
Tests run: 1, Failures: 0, Errors: 0, Skipped: 0, Time elapsed: 0.301 sec - in org.apache.logging.log4j.core.util.ShutdownCallbackRegistryTest
Running org.apache.logging.log4j.core.util.IntegersTest
Tests run: 2, Failures: 0, Errors: 0, Skipped: 0, Time elapsed: 0.002 sec - in org.apache.logging.log4j.core.util.IntegersTest
Running org.apache.logging.log4j.core.util.ThrowablesTest
Tests run: 3, Failures: 0, Errors: 0, Skipped: 0, Time elapsed: 0.003 sec - in org.apache.logging.log4j.core.util.ThrowablesTest
Running org.apache.logging.log4j.core.util.StandardCharsetsTest
Tests run: 12, Failures: 0, Errors: 0, Skipped: 0, Time elapsed: 0.008 sec - in org.apache.logging.log4j.core.util.StandardCharsetsTest
Running org.apache.logging.log4j.core.util.CharsetsTest
Tests run: 4, Failures: 0, Errors: 0, Skipped: 0, Time elapsed: 0.036 sec - in org.apache.logging.log4j.core.util.CharsetsTest
Running org.apache.logging.log4j.core.util.SystemClockTest
Tests run: 2, Failures: 0, Errors: 0, Skipped: 0, Time elapsed: 0.103 sec - in org.apache.logging.log4j.core.util.SystemClockTest
Running org.apache.logging.log4j.core.util.FileUtilsTest
Tests run: 4, Failures: 0, Errors: 0, Skipped: 0, Time elapsed: 0.021 sec - in org.apache.logging.log4j.core.util.FileUtilsTest
Running org.apache.logging.log4j.core.util.KeyValuePairSerializationTest
Tests run: 4, Failures: 0, Errors: 0, Skipped: 0, Time elapsed: 0.075 sec - in org.apache.logging.log4j.core.util.KeyValuePairSerializationTest
Running org.apache.logging.log4j.core.net.PriorityTest
Tests run: 1, Failures: 0, Errors: 0, Skipped: 0, Time elapsed: 0.005 sec - in org.apache.logging.log4j.core.net.PriorityTest
Running org.apache.logging.log4j.core.net.SocketMessageLossTest
Tests run: 1, Failures: 0, Errors: 0, Skipped: 1, Time elapsed: 0 sec - in org.apache.logging.log4j.core.net.SocketMessageLossTest
Running org.apache.logging.log4j.core.net.ssl.TrustStoreConfigurationTest
Tests run: 4, Failures: 0, Errors: 0, Skipped: 0, Time elapsed: 0.082 sec - in org.apache.logging.log4j.core.net.ssl.TrustStoreConfigurationTest
Running org.apache.logging.log4j.core.net.ssl.StoreConfigurationTest
Tests run: 1, Failures: 0, Errors: 0, Skipped: 1, Time elapsed: 0.001 sec - in org.apache.logging.log4j.core.net.ssl.StoreConfigurationTest
Running org.apache.logging.log4j.core.net.ssl.KeyStoreConfigurationTest
Tests run: 4, Failures: 0, Errors: 0, Skipped: 0, Time elapsed: 0.053 sec - in org.apache.logging.log4j.core.net.ssl.KeyStoreConfigurationTest
Running org.apache.logging.log4j.core.net.ssl.SslConfigurationTest
Tests run: 4, Failures: 0, Errors: 0, Skipped: 0, Time elapsed: 0.829 sec - in org.apache.logging.log4j.core.net.ssl.SslConfigurationTest
Running org.apache.logging.log4j.core.net.SocketReconnectTest
Tests run: 1, Failures: 0, Errors: 0, Skipped: 1, Time elapsed: 0.008 sec - in org.apache.logging.log4j.core.net.SocketReconnectTest
Running org.apache.logging.log4j.core.net.SocketTest
Tests run: 1, Failures: 0, Errors: 0, Skipped: 1, Time elapsed: 0.001 sec - in org.apache.logging.log4j.core.net.SocketTest
Running org.apache.logging.log4j.core.net.server.TcpJsonSocketServerTest
Tests run: 6, Failures: 0, Errors: 0, Skipped: 2, Time elapsed: 0.441 sec - in org.apache.logging.log4j.core.net.server.TcpJsonSocketServerTest
Running org.apache.logging.log4j.core.net.server.UdpJsonSocketServerTest
Tests run: 6, Failures: 0, Errors: 0, Skipped: 2, Time elapsed: 0.241 sec - in org.apache.logging.log4j.core.net.server.UdpJsonSocketServerTest
Running org.apache.logging.log4j.core.net.server.UdpSerializedSocketServerTest
Tests run: 6, Failures: 0, Errors: 0, Skipped: 2, Time elapsed: 0.209 sec - in org.apache.logging.log4j.core.net.server.UdpSerializedSocketServerTest
Running org.apache.logging.log4j.core.net.server.TcpXmlSocketServerTest
Tests run: 6, Failures: 0, Errors: 0, Skipped: 2, Time elapsed: 0.404 sec - in org.apache.logging.log4j.core.net.server.TcpXmlSocketServerTest
Running org.apache.logging.log4j.core.net.server.UdpXmlSocketServerTest
Tests run: 6, Failures: 0, Errors: 0, Skipped: 2, Time elapsed: 0.182 sec - in org.apache.logging.log4j.core.net.server.UdpXmlSocketServerTest
Running org.apache.logging.log4j.core.net.server.SslXmlSocketServerTest
Tests run: 6, Failures: 0, Errors: 0, Skipped: 2, Time elapsed: 0.813 sec - in org.apache.logging.log4j.core.net.server.SslXmlSocketServerTest
Running org.apache.logging.log4j.core.net.server.TcpSerializedSocketServerTest
Tests run: 6, Failures: 0, Errors: 0, Skipped: 2, Time elapsed: 0.295 sec - in org.apache.logging.log4j.core.net.server.TcpSerializedSocketServerTest
Running org.apache.logging.log4j.core.appender.ConsoleAppenderTest
Tests run: 2, Failures: 0, Errors: 0, Skipped: 0, Time elapsed: 0.147 sec - in org.apache.logging.log4j.core.appender.ConsoleAppenderTest
Running org.apache.logging.log4j.core.appender.XmlCompactFileAsyncAppenderValidationTest
Tests run: 1, Failures: 0, Errors: 0, Skipped: 1, Time elapsed: 0.001 sec - in org.apache.logging.log4j.core.appender.XmlCompactFileAsyncAppenderValidationTest
Running org.apache.logging.log4j.core.appender.rewrite.RewriteAppenderTest
Tests run: 3, Failures: 0, Errors: 0, Skipped: 0, Time elapsed: 0.36 sec - in org.apache.logging.log4j.core.appender.rewrite.RewriteAppenderTest
Running org.apache.logging.log4j.core.appender.rewrite.MapRewritePolicyTest
Tests run: 3, Failures: 0, Errors: 0, Skipped: 0, Time elapsed: 0.037 sec - in org.apache.logging.log4j.core.appender.rewrite.MapRewritePolicyTest
Running org.apache.logging.log4j.core.appender.db.jdbc.FactoryMethodConnectionSourceTest
Tests run: 7, Failures: 0, Errors: 0, Skipped: 0, Time elapsed: 0.028 sec - in org.apache.logging.log4j.core.appender.db.jdbc.FactoryMethodConnectionSourceTest
Running org.apache.logging.log4j.core.appender.db.jdbc.JdbcH2AppenderTest
Tests run: 2, Failures: 0, Errors: 0, Skipped: 0, Time elapsed: 1.099 sec - in org.apache.logging.log4j.core.appender.db.jdbc.JdbcH2AppenderTest
Running org.apache.logging.log4j.core.appender.db.jdbc.DataSourceConnectionSourceTest
Tests run: 8, Failures: 0, Errors: 0, Skipped: 0, Time elapsed: 0.215 sec - in org.apache.logging.log4j.core.appender.db.jdbc.DataSourceConnectionSourceTest
Running org.apache.logging.log4j.core.appender.db.jdbc.ColumnConfigTest
Tests run: 14, Failures: 0, Errors: 0, Skipped: 0, Time elapsed: 0.166 sec - in org.apache.logging.log4j.core.appender.db.jdbc.ColumnConfigTest
Running org.apache.logging.log4j.core.appender.db.jdbc.JdbcHyperSqlAppenderTest
Tests run: 2, Failures: 0, Errors: 0, Skipped: 0, Time elapsed: 0.938 sec - in org.apache.logging.log4j.core.appender.db.jdbc.JdbcHyperSqlAppenderTest
Running org.apache.logging.log4j.core.appender.db.AbstractDatabaseAppenderTest
Tests run: 5, Failures: 0, Errors: 0, Skipped: 0, Time elapsed: 0.185 sec - in org.apache.logging.log4j.core.appender.db.AbstractDatabaseAppenderTest
Running org.apache.logging.log4j.core.appender.db.AbstractDatabaseManagerTest
Tests run: 8, Failures: 0, Errors: 0, Skipped: 0, Time elapsed: 0.15 sec - in org.apache.logging.log4j.core.appender.db.AbstractDatabaseManagerTest
Running org.apache.logging.log4j.core.appender.db.jpa.converter.StackTraceElementAttributeConverterTest
Tests run: 6, Failures: 0, Errors: 0, Skipped: 0, Time elapsed: 0.008 sec - in org.apache.logging.log4j.core.appender.db.jpa.converter.StackTraceElementAttributeConverterTest
Running org.apache.logging.log4j.core.appender.db.jpa.converter.MessageAttributeConverterTest
Tests run: 3, Failures: 0, Errors: 0, Skipped: 0, Time elapsed: 0.005 sec - in org.apache.logging.log4j.core.appender.db.jpa.converter.MessageAttributeConverterTest
Running org.apache.logging.log4j.core.appender.db.jpa.converter.ContextStackJsonAttributeConverterTest
Tests run: 4, Failures: 0, Errors: 0, Skipped: 0, Time elapsed: 0.209 sec - in org.apache.logging.log4j.core.appender.db.jpa.converter.ContextStackJsonAttributeConverterTest
Running org.apache.logging.log4j.core.appender.db.jpa.converter.ContextMapJsonAttributeConverterTest
Tests run: 4, Failures: 0, Errors: 0, Skipped: 0, Time elapsed: 0.21 sec - in org.apache.logging.log4j.core.appender.db.jpa.converter.ContextMapJsonAttributeConverterTest
Running org.apache.logging.log4j.core.appender.db.jpa.converter.ContextMapAttributeConverterTest
Tests run: 4, Failures: 0, Errors: 0, Skipped: 0, Time elapsed: 0.003 sec - in org.apache.logging.log4j.core.appender.db.jpa.converter.ContextMapAttributeConverterTest
Running org.apache.logging.log4j.core.appender.db.jpa.converter.ThrowableAttributeConverterTest
Tests run: 4, Failures: 0, Errors: 0, Skipped: 0, Time elapsed: 0.053 sec - in org.apache.logging.log4j.core.appender.db.jpa.converter.ThrowableAttributeConverterTest
Running org.apache.logging.log4j.core.appender.db.jpa.converter.MarkerAttributeConverterTest
Tests run: 4, Failures: 0, Errors: 0, Skipped: 0, Time elapsed: 0.014 sec - in org.apache.logging.log4j.core.appender.db.jpa.converter.MarkerAttributeConverterTest
Running org.apache.logging.log4j.core.appender.db.jpa.converter.ContextStackAttributeConverterTest
Tests run: 4, Failures: 0, Errors: 0, Skipped: 0, Time elapsed: 0.005 sec - in org.apache.logging.log4j.core.appender.db.jpa.converter.ContextStackAttributeConverterTest
Running org.apache.logging.log4j.core.appender.db.jpa.JpaH2AppenderTest
[EL Info]: 2017-10-12 06:57:46.921--ServerSession(573200870)--EclipseLink, version: Eclipse Persistence Services - 2.5.2.v20140319-9ad6abd
[EL Info]: connection: 2017-10-12 06:57:47.017--ServerSession(573200870)--file:/home/artefact/tests/Results/log4j-core/log4j-core/target/test-classes/_h2JpaAppenderTestUnit login successful
[EL Info]: connection: 2017-10-12 06:57:47.078--ServerSession(573200870)--file:/home/artefact/tests/Results/log4j-core/log4j-core/target/test-classes/_h2JpaAppenderTestUnit logout successful
[EL Info]: 2017-10-12 06:57:47.202--ServerSession(1859383896)--EclipseLink, version: Eclipse Persistence Services - 2.5.2.v20140319-9ad6abd
[EL Info]: connection: 2017-10-12 06:57:47.21--ServerSession(1859383896)--file:/home/artefact/tests/Results/log4j-core/log4j-core/target/test-classes/_h2JpaAppenderTestUnit login successful
[EL Info]: connection: 2017-10-12 06:57:47.242--ServerSession(1859383896)--file:/home/artefact/tests/Results/log4j-core/log4j-core/target/test-classes/_h2JpaAppenderTestUnit logout successful
Tests run: 2, Failures: 0, Errors: 0, Skipped: 0, Time elapsed: 2.226 sec - in org.apache.logging.log4j.core.appender.db.jpa.JpaH2AppenderTest
Running org.apache.logging.log4j.core.appender.db.jpa.JpaHyperSqlAppenderTest
[EL Info]: 2017-10-12 06:57:49.636--ServerSession(412111214)--EclipseLink, version: Eclipse Persistence Services - 2.5.2.v20140319-9ad6abd
[EL Info]: connection: 2017-10-12 06:57:49.733--ServerSession(412111214)--file:/home/artefact/tests/Results/log4j-core/log4j-core/target/test-classes/_hyperSqlJpaAppenderTestUnit login successful
[EL Info]: connection: 2017-10-12 06:57:49.791--ServerSession(412111214)--file:/home/artefact/tests/Results/log4j-core/log4j-core/target/test-classes/_hyperSqlJpaAppenderTestUnit logout successful
[EL Info]: 2017-10-12 06:57:49.961--ServerSession(40191541)--EclipseLink, version: Eclipse Persistence Services - 2.5.2.v20140319-9ad6abd
[EL Info]: connection: 2017-10-12 06:57:49.965--ServerSession(40191541)--file:/home/artefact/tests/Results/log4j-core/log4j-core/target/test-classes/_hyperSqlJpaAppenderTestUnit login successful
[EL Info]: connection: 2017-10-12 06:57:49.99--ServerSession(40191541)--file:/home/artefact/tests/Results/log4j-core/log4j-core/target/test-classes/_hyperSqlJpaAppenderTestUnit logout successful
Tests run: 8, Failures: 0, Errors: 0, Skipped: 0, Time elapsed: 2.129 sec - in org.apache.logging.log4j.core.appender.db.jpa.JpaHyperSqlAppenderTest
Running org.apache.logging.log4j.core.appender.mom.JmsAppenderTest
Tests run: 3, Failures: 0, Errors: 0, Skipped: 0, Time elapsed: 0.415 sec - in org.apache.logging.log4j.core.appender.mom.JmsAppenderTest
Running org.apache.logging.log4j.core.appender.AsyncAppenderNoLocationTest
Tests run: 1, Failures: 0, Errors: 0, Skipped: 0, Time elapsed: 0.409 sec - in org.apache.logging.log4j.core.appender.AsyncAppenderNoLocationTest
Running org.apache.logging.log4j.core.appender.RandomAccessFileManagerTest
Tests run: 5, Failures: 0, Errors: 0, Skipped: 0, Time elapsed: 0.037 sec - in org.apache.logging.log4j.core.appender.RandomAccessFileManagerTest
Running org.apache.logging.log4j.core.appender.SmtpAppenderTest
Tests run: 6, Failures: 0, Errors: 0, Skipped: 0, Time elapsed: 0.36 sec - in org.apache.logging.log4j.core.appender.SmtpAppenderTest
Running org.apache.logging.log4j.core.appender.XmlFileAppenderTest
Tests run: 1, Failures: 0, Errors: 0, Skipped: 0, Time elapsed: 0.632 sec - in org.apache.logging.log4j.core.appender.XmlFileAppenderTest
Running org.apache.logging.log4j.core.appender.SyslogAppenderTest
Tests run: 5, Failures: 0, Errors: 0, Skipped: 0, Time elapsed: 1.464 sec - in org.apache.logging.log4j.core.appender.SyslogAppenderTest
Running org.apache.logging.log4j.core.appender.rolling.RollingAppenderUncompressedTest
Tests run: 1, Failures: 0, Errors: 0, Skipped: 0, Time elapsed: 0.062 sec - in org.apache.logging.log4j.core.appender.rolling.RollingAppenderUncompressedTest
Running org.apache.logging.log4j.core.appender.rolling.RollingRandomAccessFileManagerTest
Tests run: 6, Failures: 0, Errors: 0, Skipped: 0, Time elapsed: 0.143 sec - in org.apache.logging.log4j.core.appender.rolling.RollingRandomAccessFileManagerTest
Running org.apache.logging.log4j.core.appender.rolling.PatternProcessorTest
Tests run: 11, Failures: 0, Errors: 0, Skipped: 0, Time elapsed: 0.123 sec - in org.apache.logging.log4j.core.appender.rolling.PatternProcessorTest
Running org.apache.logging.log4j.core.appender.rolling.RollingRandomAccessFileManagerHeaderFooterTest
Tests run: 1, Failures: 0, Errors: 0, Skipped: 0, Time elapsed: 0.35 sec - in org.apache.logging.log4j.core.appender.rolling.RollingRandomAccessFileManagerHeaderFooterTest
Running org.apache.logging.log4j.core.appender.rolling.RollingFileAppenderAccessTest
Tests run: 1, Failures: 0, Errors: 0, Skipped: 0, Time elapsed: 0.283 sec - in org.apache.logging.log4j.core.appender.rolling.RollingFileAppenderAccessTest
Running org.apache.logging.log4j.core.appender.rolling.RollingAppenderTimeAndSizeTest
Tests run: 1, Failures: 0, Errors: 0, Skipped: 0, Time elapsed: 0.409 sec - in org.apache.logging.log4j.core.appender.rolling.RollingAppenderTimeAndSizeTest
Running org.apache.logging.log4j.core.appender.rolling.RollingAppenderTimeTest
Tests run: 1, Failures: 0, Errors: 0, Skipped: 0, Time elapsed: 1.952 sec - in org.apache.logging.log4j.core.appender.rolling.RollingAppenderTimeTest
Running org.apache.logging.log4j.core.appender.rolling.RollingAppenderSizeTest
Tests run: 2, Failures: 0, Errors: 0, Skipped: 0, Time elapsed: 0.526 sec - in org.apache.logging.log4j.core.appender.rolling.RollingAppenderSizeTest
Running org.apache.logging.log4j.core.appender.rolling.action.FileRenameActionTest
Tests run: 3, Failures: 0, Errors: 0, Skipped: 0, Time elapsed: 0.031 sec - in org.apache.logging.log4j.core.appender.rolling.action.FileRenameActionTest
Running org.apache.logging.log4j.core.appender.rolling.OnStartupTriggeringPolicyTest
Tests run: 1, Failures: 0, Errors: 0, Skipped: 0, Time elapsed: 0.106 sec - in org.apache.logging.log4j.core.appender.rolling.OnStartupTriggeringPolicyTest
Running org.apache.logging.log4j.core.appender.XmlCompactFileAppenderValidationTest
Tests run: 1, Failures: 0, Errors: 0, Skipped: 1, Time elapsed: 0.001 sec - in org.apache.logging.log4j.core.appender.XmlCompactFileAppenderValidationTest
Running org.apache.logging.log4j.core.appender.routing.JsonRoutingAppender2Test
2017-10-12 06:58:03,437 ERROR No log4j2 configuration file found. Using default configuration: logging only errors to the console.
Tests run: 1, Failures: 0, Errors: 0, Skipped: 0, Time elapsed: 0.031 sec - in org.apache.logging.log4j.core.appender.routing.JsonRoutingAppender2Test
Running org.apache.logging.log4j.core.appender.routing.RoutingAppenderTest
Tests run: 1, Failures: 0, Errors: 0, Skipped: 0, Time elapsed: 0.406 sec - in org.apache.logging.log4j.core.appender.routing.RoutingAppenderTest
Running org.apache.logging.log4j.core.appender.routing.RoutingAppenderWithJndiTest
Context [Test ] This is a message from unknown context
Context [Test ] This is a message from Application1
Context [Test ] This is a message from Application2
Context [Test ] This is another message from Application2
Context [Test ] This is a message from Application3
Context [Test ] This is a message from Application4
Tests run: 1, Failures: 0, Errors: 0, Skipped: 0, Time elapsed: 0.48 sec - in org.apache.logging.log4j.core.appender.routing.RoutingAppenderWithJndiTest
Running org.apache.logging.log4j.core.appender.routing.RoutingDefaultAppenderTest
Tests run: 1, Failures: 0, Errors: 0, Skipped: 0, Time elapsed: 0.422 sec - in org.apache.logging.log4j.core.appender.routing.RoutingDefaultAppenderTest
Running org.apache.logging.log4j.core.appender.routing.JsonRoutingAppenderTest
2017-10-12 06:58:06,357 ERROR No log4j2 configuration file found. Using default configuration: logging only errors to the console.
Tests run: 1, Failures: 0, Errors: 0, Skipped: 0, Time elapsed: 0.038 sec - in org.apache.logging.log4j.core.appender.routing.JsonRoutingAppenderTest
Running org.apache.logging.log4j.core.appender.FailoverAppenderTest
Tests run: 2, Failures: 0, Errors: 0, Skipped: 0, Time elapsed: 1.43 sec - in org.apache.logging.log4j.core.appender.FailoverAppenderTest
Running org.apache.logging.log4j.core.appender.JsonCompleteFileAppenderTest
Tests run: 1, Failures: 0, Errors: 0, Skipped: 0, Time elapsed: 0.64 sec - in org.apache.logging.log4j.core.appender.JsonCompleteFileAppenderTest
Running org.apache.logging.log4j.core.appender.TlsSyslogAppenderTest
Tests run: 9, Failures: 0, Errors: 0, Skipped: 0, Time elapsed: 3.416 sec - in org.apache.logging.log4j.core.appender.TlsSyslogAppenderTest
Running org.apache.logging.log4j.core.appender.FileAppenderTest
Tests run: 6, Failures: 0, Errors: 0, Skipped: 1, Time elapsed: 3.405 sec - in org.apache.logging.log4j.core.appender.FileAppenderTest
Running org.apache.logging.log4j.core.appender.SocketAppenderTest
Tests run: 5, Failures: 0, Errors: 0, Skipped: 0, Time elapsed: 0.538 sec - in org.apache.logging.log4j.core.appender.SocketAppenderTest
Running org.apache.logging.log4j.core.appender.XmlCompactFileAppenderTest
Tests run: 1, Failures: 0, Errors: 0, Skipped: 0, Time elapsed: 0.63 sec - in org.apache.logging.log4j.core.appender.XmlCompactFileAppenderTest
Running org.apache.logging.log4j.core.appender.RollingRandomAccessFileAppenderRolloverTest
Tests run: 1, Failures: 0, Errors: 0, Skipped: 0, Time elapsed: 0.399 sec - in org.apache.logging.log4j.core.appender.RollingRandomAccessFileAppenderRolloverTest
Running org.apache.logging.log4j.core.appender.MemoryMappedFileManagerTest
Tests run: 2, Failures: 0, Errors: 0, Skipped: 0, Time elapsed: 0.074 sec - in org.apache.logging.log4j.core.appender.MemoryMappedFileManagerTest
Running org.apache.logging.log4j.core.appender.MemoryMappedFileAppenderLocationTest
Tests run: 1, Failures: 0, Errors: 0, Skipped: 0, Time elapsed: 0.353 sec - in org.apache.logging.log4j.core.appender.MemoryMappedFileAppenderLocationTest
Running org.apache.logging.log4j.core.appender.AsyncAppenderTest
Tests run: 2, Failures: 0, Errors: 0, Skipped: 0, Time elapsed: 0.229 sec - in org.apache.logging.log4j.core.appender.AsyncAppenderTest
Running org.apache.logging.log4j.core.appender.MemoryMappedFileAppenderSimpleTest
Tests run: 1, Failures: 0, Errors: 0, Skipped: 0, Time elapsed: 0.396 sec - in org.apache.logging.log4j.core.appender.MemoryMappedFileAppenderSimpleTest
Running org.apache.logging.log4j.core.appender.XmlCompleteFileAppenderTest
Tests run: 1, Failures: 0, Errors: 0, Skipped: 0, Time elapsed: 0.623 sec - in org.apache.logging.log4j.core.appender.XmlCompleteFileAppenderTest
Running org.apache.logging.log4j.core.appender.OutputStreamAppenderTest
Tests run: 1, Failures: 0, Errors: 0, Skipped: 0, Time elapsed: 0.17 sec - in org.apache.logging.log4j.core.appender.OutputStreamAppenderTest
Running org.apache.logging.log4j.core.appender.MemoryMappedFileAppenderRemapTest
Tests run: 1, Failures: 0, Errors: 0, Skipped: 0, Time elapsed: 0.34 sec - in org.apache.logging.log4j.core.appender.MemoryMappedFileAppenderRemapTest
Running org.apache.logging.log4j.core.appender.TlsSyslogFrameTest
Tests run: 5, Failures: 0, Errors: 0, Skipped: 0, Time elapsed: 0.003 sec - in org.apache.logging.log4j.core.appender.TlsSyslogFrameTest
Running org.apache.logging.log4j.core.appender.XmlRandomAccessFileAppenderTest
Tests run: 1, Failures: 0, Errors: 0, Skipped: 1, Time elapsed: 0.001 sec - in org.apache.logging.log4j.core.appender.XmlRandomAccessFileAppenderTest
Running org.apache.logging.log4j.core.LogEventFactoryTest
Tests run: 1, Failures: 0, Errors: 0, Skipped: 0, Time elapsed: 0.01 sec - in org.apache.logging.log4j.core.LogEventFactoryTest
Running org.apache.logging.log4j.MarkerMixInTest
Tests run: 3, Failures: 0, Errors: 0, Skipped: 0, Time elapsed: 0.24 sec - in org.apache.logging.log4j.MarkerMixInTest

Results :

Tests run: 747, Failures: 0, Errors: 0, Skipped: 29

[INFO] ------------------------------------------------------------------------
[INFO] BUILD SUCCESS
[INFO] ------------------------------------------------------------------------
[INFO] Total time: 03:00 min
[INFO] Finished at: 2017-10-12T06:58:25+02:00
[INFO] Final Memory: 23M/409M
[INFO] ------------------------------------------------------------------------
