[INFO] Scanning for projects...
[INFO]                                                                         
[INFO] ------------------------------------------------------------------------
[INFO] Building Apache Commons FileUpload 1.3.1
[INFO] ------------------------------------------------------------------------
[INFO] 
[INFO] --- maven-antrun-plugin:1.7:run (javadoc.resources) @ commons-fileupload ---
[INFO] Executing tasks

main:
[INFO] Executed tasks
[INFO] 
[INFO] --- maven-remote-resources-plugin:1.4:process (default) @ commons-fileupload ---
[INFO] 
[INFO] --- buildnumber-maven-plugin:1.2:create (default) @ commons-fileupload ---
[INFO] Checking for local modifications: skipped.
[INFO] Updating project files from SCM: skipped.
[INFO] Executing: /bin/sh -c cd "/home/artefact/tests/Maven Test Sources/commons-fileupload-1.3.1-test-sources" && svn --non-interactive info
[INFO] Working directory: /home/artefact/tests/Maven Test Sources/commons-fileupload-1.3.1-test-sources
[INFO] Storing buildNumber: ?????? at timestamp: 1505991290570
[INFO] Executing: /bin/sh -c cd "/home/artefact/tests/Maven Test Sources/commons-fileupload-1.3.1-test-sources" && svn --non-interactive info
[INFO] Working directory: /home/artefact/tests/Maven Test Sources/commons-fileupload-1.3.1-test-sources
[INFO] Storing buildScmBranch: UNKNOWN_BRANCH
[INFO] 
[INFO] --- maven-resources-plugin:2.6:resources (default-resources) @ commons-fileupload ---
[INFO] Using 'iso-8859-1' encoding to copy filtered resources.
[INFO] skip non existing resourceDirectory /home/artefact/tests/Maven Test Sources/commons-fileupload-1.3.1-test-sources/src/main/resources
[INFO] Copying 0 resource to META-INF
[INFO] 
[INFO] --- maven-compiler-plugin:3.1:compile (default-compile) @ commons-fileupload ---
[INFO] Changes detected - recompiling the module!
[INFO] Compiling 39 source files to /home/artefact/tests/Maven Test Sources/commons-fileupload-1.3.1-test-sources/target/classes
[WARNING] /home/artefact/tests/Maven Test Sources/commons-fileupload-1.3.1-test-sources/src/main/java/org/apache/commons/fileupload/servlet/ServletFileUpload.java: /home/artefact/tests/Maven Test Sources/commons-fileupload-1.3.1-test-sources/src/main/java/org/apache/commons/fileupload/servlet/ServletFileUpload.java uses or overrides a deprecated API.
[WARNING] /home/artefact/tests/Maven Test Sources/commons-fileupload-1.3.1-test-sources/src/main/java/org/apache/commons/fileupload/servlet/ServletFileUpload.java: Recompile with -Xlint:deprecation for details.
[INFO] 
[INFO] --- maven-bundle-plugin:2.4.0:manifest (bundle-manifest) @ commons-fileupload ---
[INFO] 
[INFO] --- maven-resources-plugin:2.6:testResources (default-testResources) @ commons-fileupload ---
[INFO] Using 'iso-8859-1' encoding to copy filtered resources.
[INFO] skip non existing resourceDirectory /home/artefact/tests/Maven Test Sources/commons-fileupload-1.3.1-test-sources/src/test/resources
[INFO] Copying 0 resource to META-INF
[INFO] 
[INFO] --- maven-compiler-plugin:3.1:testCompile (default-testCompile) @ commons-fileupload ---
[INFO] Changes detected - recompiling the module!
[INFO] Compiling 15 source files to /home/artefact/tests/Maven Test Sources/commons-fileupload-1.3.1-test-sources/target/test-classes
[INFO] 
[INFO] --- maven-surefire-plugin:2.15:test (default-test) @ commons-fileupload ---
[INFO] Surefire report directory: /home/artefact/tests/Maven Test Sources/commons-fileupload-1.3.1-test-sources/target/surefire-reports

-------------------------------------------------------
 T E S T S
-------------------------------------------------------
Running org.apache.commons.fileupload.StreamingTest
Tests run: 5, Failures: 0, Errors: 0, Skipped: 0, Time elapsed: 0.78 sec - in org.apache.commons.fileupload.StreamingTest
Running org.apache.commons.fileupload.SizesTest
Tests run: 5, Failures: 0, Errors: 0, Skipped: 0, Time elapsed: 0.271 sec - in org.apache.commons.fileupload.SizesTest
Running org.apache.commons.fileupload.FileItemHeadersTest
Tests run: 1, Failures: 0, Errors: 0, Skipped: 0, Time elapsed: 0 sec - in org.apache.commons.fileupload.FileItemHeadersTest
Running org.apache.commons.fileupload.ProgressListenerTest
Tests run: 1, Failures: 0, Errors: 0, Skipped: 0, Time elapsed: 0.325 sec - in org.apache.commons.fileupload.ProgressListenerTest
Running org.apache.commons.fileupload.DefaultFileItemTest
Tests run: 5, Failures: 0, Errors: 0, Skipped: 0, Time elapsed: 0.011 sec - in org.apache.commons.fileupload.DefaultFileItemTest
Running org.apache.commons.fileupload.ParameterParserTest
Tests run: 5, Failures: 0, Errors: 0, Skipped: 0, Time elapsed: 0.009 sec - in org.apache.commons.fileupload.ParameterParserTest
Running org.apache.commons.fileupload.DiskFileItemSerializeTest
Tests run: 6, Failures: 0, Errors: 0, Skipped: 0, Time elapsed: 0.108 sec - in org.apache.commons.fileupload.DiskFileItemSerializeTest
Running org.apache.commons.fileupload.MultipartStreamTest
Tests run: 3, Failures: 0, Errors: 0, Skipped: 0, Time elapsed: 0 sec - in org.apache.commons.fileupload.MultipartStreamTest
Running org.apache.commons.fileupload.ServletFileUploadTest
Tests run: 10, Failures: 0, Errors: 0, Skipped: 0, Time elapsed: 0.017 sec - in org.apache.commons.fileupload.ServletFileUploadTest
Running org.apache.commons.fileupload.util.mime.MimeUtilityTestCase
Tests run: 6, Failures: 0, Errors: 0, Skipped: 0, Time elapsed: 0.015 sec - in org.apache.commons.fileupload.util.mime.MimeUtilityTestCase
Running org.apache.commons.fileupload.util.mime.QuotedPrintableDecoderTestCase
Tests run: 11, Failures: 0, Errors: 0, Skipped: 0, Time elapsed: 0.017 sec - in org.apache.commons.fileupload.util.mime.QuotedPrintableDecoderTestCase
Running org.apache.commons.fileupload.util.mime.Base64DecoderTestCase
Tests run: 13, Failures: 0, Errors: 0, Skipped: 0, Time elapsed: 0.01 sec - in org.apache.commons.fileupload.util.mime.Base64DecoderTestCase

Results :

Tests run: 71, Failures: 0, Errors: 0, Skipped: 0

[INFO] ------------------------------------------------------------------------
[INFO] BUILD SUCCESS
[INFO] ------------------------------------------------------------------------
[INFO] Total time: 6.240 s
[INFO] Finished at: 2017-09-21T12:54:55+02:00
[INFO] Final Memory: 25M/340M
[INFO] ------------------------------------------------------------------------
